  [1m[35m (0.2ms)[0m  [1m[34mSELECT pg_try_advisory_lock(5022504912090105405)[0m
  [1m[35m (2.5ms)[0m  [1m[34mSELECT "schema_migrations"."version" FROM "schema_migrations" ORDER BY "schema_migrations"."version" ASC[0m
  [1m[36mActiveRecord::InternalMetadata Load (0.4ms)[0m  [1m[34mSELECT  "ar_internal_metadata".* FROM "ar_internal_metadata" WHERE "ar_internal_metadata"."key" = $1 LIMIT $2[0m  [["key", "environment"], ["LIMIT", 1]]
  [1m[35m (0.1ms)[0m  [1m[35mBEGIN[0m
  [1m[35m (0.1ms)[0m  [1m[35mCOMMIT[0m
  [1m[35m (0.2ms)[0m  [1m[34mSELECT pg_advisory_unlock(5022504912090105405)[0m
  [1m[35m (0.3ms)[0m  [1m[34mSELECT "schema_migrations"."version" FROM "schema_migrations" ORDER BY "schema_migrations"."version" ASC[0m
  [1m[35m (0.1ms)[0m  [1m[34mSELECT pg_try_advisory_lock(5022504912090105405)[0m
  [1m[35m (1.2ms)[0m  [1m[34mSELECT "schema_migrations"."version" FROM "schema_migrations" ORDER BY "schema_migrations"."version" ASC[0m
Migrating to CreateReviews (20200324211036)
  [1m[35m (0.2ms)[0m  [1m[35mBEGIN[0m
  [1m[35m (7.8ms)[0m  [1m[35mCREATE TABLE "reviews" ("id" bigserial primary key, "title" character varying, "rating" integer, "content" character varying, "picture" character varying, "created_at" timestamp NOT NULL, "updated_at" timestamp NOT NULL)[0m
  [1m[35mSQL (0.2ms)[0m  [1m[32mINSERT INTO "schema_migrations" ("version") VALUES ($1) RETURNING "version"[0m  [["version", "20200324211036"]]
  [1m[35m (0.5ms)[0m  [1m[35mCOMMIT[0m
  [1m[36mActiveRecord::InternalMetadata Load (0.4ms)[0m  [1m[34mSELECT  "ar_internal_metadata".* FROM "ar_internal_metadata" WHERE "ar_internal_metadata"."key" = $1 LIMIT $2[0m  [["key", "environment"], ["LIMIT", 1]]
  [1m[35m (0.1ms)[0m  [1m[35mBEGIN[0m
  [1m[35m (0.2ms)[0m  [1m[35mCOMMIT[0m
  [1m[35m (0.3ms)[0m  [1m[34mSELECT pg_advisory_unlock(5022504912090105405)[0m
  [1m[35m (0.2ms)[0m  [1m[34mSELECT "schema_migrations"."version" FROM "schema_migrations" ORDER BY "schema_migrations"."version" ASC[0m
  [1m[35m (0.2ms)[0m  [1m[34mSELECT pg_try_advisory_lock(5022504912090105405)[0m
  [1m[35m (0.4ms)[0m  [1m[34mSELECT "schema_migrations"."version" FROM "schema_migrations" ORDER BY "schema_migrations"."version" ASC[0m
Migrating to AddShelterIdToReviews (20200324211556)
  [1m[35m (0.1ms)[0m  [1m[35mBEGIN[0m
  [1m[35m (0.5ms)[0m  [1m[35mALTER TABLE "reviews" ADD "shelter_id_id" bigint[0m
  [1m[35m (1.4ms)[0m  [1m[35mCREATE  INDEX  "index_reviews_on_shelter_id_id" ON "reviews"  ("shelter_id_id")[0m
  [1m[35m (3.0ms)[0m  [1m[35mALTER TABLE "reviews" ADD CONSTRAINT "fk_rails_323db89d1c"
FOREIGN KEY ("shelter_id_id")
  REFERENCES "shelter_ids" ("id")
[0m
  [1m[35m (0.1ms)[0m  [1m[31mROLLBACK[0m
  [1m[35m (0.2ms)[0m  [1m[34mSELECT pg_advisory_unlock(5022504912090105405)[0m
  [1m[35m (0.1ms)[0m  [1m[34mSELECT pg_try_advisory_lock(5022504912090105405)[0m
  [1m[35m (0.4ms)[0m  [1m[34mSELECT "schema_migrations"."version" FROM "schema_migrations" ORDER BY "schema_migrations"."version" ASC[0m
Migrating to AddShelterIdToReviews (20200324211556)
  [1m[35m (0.1ms)[0m  [1m[35mBEGIN[0m
  [1m[35m (0.4ms)[0m  [1m[35mALTER TABLE "reviews" ADD "shelter_id" bigint[0m
  [1m[35m (1.3ms)[0m  [1m[35mCREATE  INDEX  "index_reviews_on_shelter_id" ON "reviews"  ("shelter_id")[0m
  [1m[35m (1.7ms)[0m  [1m[35mALTER TABLE "reviews" ADD CONSTRAINT "fk_rails_131565a078"
FOREIGN KEY ("shelter_id")
  REFERENCES "shelters" ("id")
[0m
  [1m[35mSQL (0.3ms)[0m  [1m[32mINSERT INTO "schema_migrations" ("version") VALUES ($1) RETURNING "version"[0m  [["version", "20200324211556"]]
  [1m[35m (0.4ms)[0m  [1m[35mCOMMIT[0m
  [1m[36mActiveRecord::InternalMetadata Load (0.3ms)[0m  [1m[34mSELECT  "ar_internal_metadata".* FROM "ar_internal_metadata" WHERE "ar_internal_metadata"."key" = $1 LIMIT $2[0m  [["key", "environment"], ["LIMIT", 1]]
  [1m[35m (0.1ms)[0m  [1m[35mBEGIN[0m
  [1m[35m (0.2ms)[0m  [1m[35mCOMMIT[0m
  [1m[35m (0.3ms)[0m  [1m[34mSELECT pg_advisory_unlock(5022504912090105405)[0m
  [1m[35m (0.2ms)[0m  [1m[34mSELECT "schema_migrations"."version" FROM "schema_migrations" ORDER BY "schema_migrations"."version" ASC[0m
Started GET "/pets" for ::1 at 2020-03-25 16:39:24 -0600
  [1m[35m (1.0ms)[0m  [1m[34mSELECT "schema_migrations"."version" FROM "schema_migrations" ORDER BY "schema_migrations"."version" ASC[0m
  
ActiveRecord::PendingMigrationError (

Migrations are pending. To resolve this issue, run:

        bin/rails db:migrate RAILS_ENV=development

):
  
activerecord (5.1.7) lib/active_record/migration.rb:576:in `check_pending!'
activerecord (5.1.7) lib/active_record/migration.rb:553:in `call'
actionpack (5.1.7) lib/action_dispatch/middleware/callbacks.rb:26:in `block in call'
activesupport (5.1.7) lib/active_support/callbacks.rb:97:in `run_callbacks'
actionpack (5.1.7) lib/action_dispatch/middleware/callbacks.rb:24:in `call'
actionpack (5.1.7) lib/action_dispatch/middleware/executor.rb:12:in `call'
actionpack (5.1.7) lib/action_dispatch/middleware/debug_exceptions.rb:59:in `call'
web-console (3.7.0) lib/web_console/middleware.rb:135:in `call_app'
web-console (3.7.0) lib/web_console/middleware.rb:30:in `block in call'
web-console (3.7.0) lib/web_console/middleware.rb:20:in `catch'
web-console (3.7.0) lib/web_console/middleware.rb:20:in `call'
actionpack (5.1.7) lib/action_dispatch/middleware/show_exceptions.rb:31:in `call'
railties (5.1.7) lib/rails/rack/logger.rb:36:in `call_app'
railties (5.1.7) lib/rails/rack/logger.rb:24:in `block in call'
activesupport (5.1.7) lib/active_support/tagged_logging.rb:69:in `block in tagged'
activesupport (5.1.7) lib/active_support/tagged_logging.rb:26:in `tagged'
activesupport (5.1.7) lib/active_support/tagged_logging.rb:69:in `tagged'
railties (5.1.7) lib/rails/rack/logger.rb:24:in `call'
sprockets-rails (3.2.1) lib/sprockets/rails/quiet_assets.rb:13:in `call'
actionpack (5.1.7) lib/action_dispatch/middleware/remote_ip.rb:79:in `call'
actionpack (5.1.7) lib/action_dispatch/middleware/request_id.rb:25:in `call'
rack (2.0.7) lib/rack/method_override.rb:22:in `call'
rack (2.0.7) lib/rack/runtime.rb:22:in `call'
activesupport (5.1.7) lib/active_support/cache/strategy/local_cache_middleware.rb:27:in `call'
actionpack (5.1.7) lib/action_dispatch/middleware/executor.rb:12:in `call'
actionpack (5.1.7) lib/action_dispatch/middleware/static.rb:125:in `call'
rack (2.0.7) lib/rack/sendfile.rb:111:in `call'
railties (5.1.7) lib/rails/engine.rb:522:in `call'
puma (3.12.1) lib/puma/configuration.rb:227:in `call'
puma (3.12.1) lib/puma/server.rb:660:in `handle_request'
puma (3.12.1) lib/puma/server.rb:474:in `process_client'
puma (3.12.1) lib/puma/server.rb:334:in `block in run'
puma (3.12.1) lib/puma/thread_pool.rb:135:in `block in spawn_thread'
  [1m[35m (0.2ms)[0m  [1m[34mSELECT pg_try_advisory_lock(5022504912090105405)[0m
  [1m[35m (0.4ms)[0m  [1m[34mSELECT "schema_migrations"."version" FROM "schema_migrations" ORDER BY "schema_migrations"."version" ASC[0m
Migrating to CreateShelters (20200317183101)
  [1m[35m (0.1ms)[0m  [1m[35mBEGIN[0m
  [1m[35m (6.0ms)[0m  [1m[35mCREATE TABLE "shelters" ("id" bigserial primary key, "name" character varying, "address" character varying, "city" character varying, "state" character varying, "zip" character varying, "created_at" timestamp NOT NULL, "updated_at" timestamp NOT NULL)[0m
  [1m[35m (0.2ms)[0m  [1m[31mROLLBACK[0m
  [1m[35m (0.2ms)[0m  [1m[34mSELECT pg_advisory_unlock(5022504912090105405)[0m
  [1m[35m (0.1ms)[0m  [1m[34mSELECT pg_try_advisory_lock(5022504912090105405)[0m
  [1m[35m (0.4ms)[0m  [1m[34mSELECT "schema_migrations"."version" FROM "schema_migrations" ORDER BY "schema_migrations"."version" ASC[0m
Migrating to CreateShelters (20200317183101)
  [1m[35m (0.1ms)[0m  [1m[35mBEGIN[0m
  [1m[35m (2.0ms)[0m  [1m[35mCREATE TABLE "shelters" ("id" bigserial primary key, "name" character varying, "address" character varying, "city" character varying, "state" character varying, "zip" character varying, "created_at" timestamp NOT NULL, "updated_at" timestamp NOT NULL)[0m
  [1m[35m (0.1ms)[0m  [1m[31mROLLBACK[0m
  [1m[35m (0.1ms)[0m  [1m[34mSELECT pg_advisory_unlock(5022504912090105405)[0m
Started GET "/" for ::1 at 2020-03-25 16:40:14 -0600
  [1m[35m (0.7ms)[0m  [1m[34mSELECT "schema_migrations"."version" FROM "schema_migrations" ORDER BY "schema_migrations"."version" ASC[0m
  
ActiveRecord::PendingMigrationError (

Migrations are pending. To resolve this issue, run:

        bin/rails db:migrate RAILS_ENV=development

):
  
activerecord (5.1.7) lib/active_record/migration.rb:576:in `check_pending!'
activerecord (5.1.7) lib/active_record/migration.rb:553:in `call'
actionpack (5.1.7) lib/action_dispatch/middleware/callbacks.rb:26:in `block in call'
activesupport (5.1.7) lib/active_support/callbacks.rb:97:in `run_callbacks'
actionpack (5.1.7) lib/action_dispatch/middleware/callbacks.rb:24:in `call'
actionpack (5.1.7) lib/action_dispatch/middleware/executor.rb:12:in `call'
actionpack (5.1.7) lib/action_dispatch/middleware/debug_exceptions.rb:59:in `call'
web-console (3.7.0) lib/web_console/middleware.rb:135:in `call_app'
web-console (3.7.0) lib/web_console/middleware.rb:30:in `block in call'
web-console (3.7.0) lib/web_console/middleware.rb:20:in `catch'
web-console (3.7.0) lib/web_console/middleware.rb:20:in `call'
actionpack (5.1.7) lib/action_dispatch/middleware/show_exceptions.rb:31:in `call'
railties (5.1.7) lib/rails/rack/logger.rb:36:in `call_app'
railties (5.1.7) lib/rails/rack/logger.rb:24:in `block in call'
activesupport (5.1.7) lib/active_support/tagged_logging.rb:69:in `block in tagged'
activesupport (5.1.7) lib/active_support/tagged_logging.rb:26:in `tagged'
activesupport (5.1.7) lib/active_support/tagged_logging.rb:69:in `tagged'
railties (5.1.7) lib/rails/rack/logger.rb:24:in `call'
sprockets-rails (3.2.1) lib/sprockets/rails/quiet_assets.rb:13:in `call'
actionpack (5.1.7) lib/action_dispatch/middleware/remote_ip.rb:79:in `call'
actionpack (5.1.7) lib/action_dispatch/middleware/request_id.rb:25:in `call'
rack (2.0.7) lib/rack/method_override.rb:22:in `call'
rack (2.0.7) lib/rack/runtime.rb:22:in `call'
activesupport (5.1.7) lib/active_support/cache/strategy/local_cache_middleware.rb:27:in `call'
actionpack (5.1.7) lib/action_dispatch/middleware/executor.rb:12:in `call'
actionpack (5.1.7) lib/action_dispatch/middleware/static.rb:125:in `call'
rack (2.0.7) lib/rack/sendfile.rb:111:in `call'
railties (5.1.7) lib/rails/engine.rb:522:in `call'
puma (3.12.1) lib/puma/configuration.rb:227:in `call'
puma (3.12.1) lib/puma/server.rb:660:in `handle_request'
puma (3.12.1) lib/puma/server.rb:474:in `process_client'
puma (3.12.1) lib/puma/server.rb:334:in `block in run'
puma (3.12.1) lib/puma/thread_pool.rb:135:in `block in spawn_thread'
  [1m[35m (0.1ms)[0m  [1m[34mSELECT pg_try_advisory_lock(5022504912090105405)[0m
  [1m[35m (0.4ms)[0m  [1m[34mSELECT "schema_migrations"."version" FROM "schema_migrations" ORDER BY "schema_migrations"."version" ASC[0m
Migrating to CreateShelters (20200317183101)
  [1m[35m (0.2ms)[0m  [1m[35mBEGIN[0m
  [1m[35m (3.5ms)[0m  [1m[35mCREATE TABLE "shelters" ("id" bigserial primary key, "name" character varying, "address" character varying, "city" character varying, "state" character varying, "zip" character varying, "created_at" timestamp NOT NULL, "updated_at" timestamp NOT NULL)[0m
  [1m[35m (0.1ms)[0m  [1m[31mROLLBACK[0m
  [1m[35m (0.2ms)[0m  [1m[34mSELECT pg_advisory_unlock(5022504912090105405)[0m
  [1m[35m (0.4ms)[0m  [1m[34mSELECT "schema_migrations"."version" FROM "schema_migrations" ORDER BY "schema_migrations"."version" ASC[0m
  [1m[35m (0.3ms)[0m  [1m[34mSELECT "ar_internal_metadata"."value" FROM "ar_internal_metadata" WHERE "ar_internal_metadata"."key" = $1[0m  [["key", "environment"]]
  [1m[35m (0.1ms)[0m  [1m[34mSELECT "schema_migrations"."version" FROM "schema_migrations" ORDER BY "schema_migrations"."version" ASC[0m
  [1m[35m (0.1ms)[0m  [1m[34mSELECT "ar_internal_metadata"."value" FROM "ar_internal_metadata" WHERE "ar_internal_metadata"."key" = $1[0m  [["key", "environment"]]
  [1m[35m (0.1ms)[0m  [1m[34mSELECT "schema_migrations"."version" FROM "schema_migrations" ORDER BY "schema_migrations"."version" ASC[0m
  [1m[35m (0.1ms)[0m  [1m[34mSELECT "ar_internal_metadata"."value" FROM "ar_internal_metadata" WHERE "ar_internal_metadata"."key" = $1[0m  [["key", "environment"]]
  [1m[35m (62.5ms)[0m  [1m[35mDROP DATABASE IF EXISTS "adopt_dont_shop_development"[0m
  [1m[35m (24.3ms)[0m  [1m[35mDROP DATABASE IF EXISTS "adopt_dont_shop_test"[0m
  [1m[35m (137.2ms)[0m  [1m[35mCREATE DATABASE "adopt_dont_shop_development" ENCODING = 'unicode'[0m
  [1m[35m (72.0ms)[0m  [1m[35mCREATE DATABASE "adopt_dont_shop_test" ENCODING = 'unicode'[0m
  [1m[35mSQL (0.3ms)[0m  [1m[35mCREATE EXTENSION IF NOT EXISTS "plpgsql"[0m
  [1m[35m (0.2ms)[0m  [1m[35mDROP TABLE IF EXISTS "pets" CASCADE[0m
  [1m[35m (5.8ms)[0m  [1m[35mCREATE TABLE "pets" ("id" bigserial primary key, "image" character varying, "name" character varying, "city" character varying, "approx_age" character varying, "sex" character varying, "created_at" timestamp NOT NULL, "updated_at" timestamp NOT NULL, "shelter_id" bigint, "description" character varying, "status" character varying)[0m
  [1m[35m (0.8ms)[0m  [1m[35mCREATE  INDEX  "index_pets_on_shelter_id" ON "pets"  ("shelter_id")[0m
  [1m[35m (0.1ms)[0m  [1m[35mDROP TABLE IF EXISTS "reviews" CASCADE[0m
  [1m[35m (2.0ms)[0m  [1m[35mCREATE TABLE "reviews" ("id" bigserial primary key, "title" character varying, "rating" integer, "content" character varying, "picture" character varying, "created_at" timestamp NOT NULL, "updated_at" timestamp NOT NULL, "shelter_id" bigint)[0m
  [1m[35m (0.7ms)[0m  [1m[35mCREATE  INDEX  "index_reviews_on_shelter_id" ON "reviews"  ("shelter_id")[0m
  [1m[35m (0.1ms)[0m  [1m[35mDROP TABLE IF EXISTS "shelters" CASCADE[0m
  [1m[35m (2.4ms)[0m  [1m[35mCREATE TABLE "shelters" ("id" bigserial primary key, "name" character varying, "address" character varying, "city" character varying, "state" character varying, "zip" character varying, "created_at" timestamp NOT NULL, "updated_at" timestamp NOT NULL)[0m
  [1m[35m (1.5ms)[0m  [1m[35mALTER TABLE "pets" ADD CONSTRAINT "fk_rails_92fb5d7a05"
FOREIGN KEY ("shelter_id")
  REFERENCES "shelters" ("id")
[0m
  [1m[35m (0.7ms)[0m  [1m[35mALTER TABLE "reviews" ADD CONSTRAINT "fk_rails_131565a078"
FOREIGN KEY ("shelter_id")
  REFERENCES "shelters" ("id")
[0m
  [1m[35m (2.2ms)[0m  [1m[35mCREATE TABLE "schema_migrations" ("version" character varying NOT NULL PRIMARY KEY)[0m
  [1m[35m (0.5ms)[0m  [1m[34mSELECT "schema_migrations"."version" FROM "schema_migrations" ORDER BY "schema_migrations"."version" ASC[0m
  [1m[35m (0.3ms)[0m  [1m[32mINSERT INTO "schema_migrations" (version) VALUES (20200324211556)[0m
  [1m[35m (0.2ms)[0m  [1m[32mINSERT INTO "schema_migrations" (version) VALUES
(20200320215114),
(20200320220027),
(20200321032854),
(20200317183101),
(20200324211036);

[0m
  [1m[35m (1.5ms)[0m  [1m[35mCREATE TABLE "ar_internal_metadata" ("key" character varying NOT NULL PRIMARY KEY, "value" character varying, "created_at" timestamp NOT NULL, "updated_at" timestamp NOT NULL)[0m
  [1m[36mActiveRecord::InternalMetadata Load (0.2ms)[0m  [1m[34mSELECT  "ar_internal_metadata".* FROM "ar_internal_metadata" WHERE "ar_internal_metadata"."key" = $1 LIMIT $2[0m  [["key", "environment"], ["LIMIT", 1]]
  [1m[35m (0.2ms)[0m  [1m[35mBEGIN[0m
  [1m[35mSQL (0.5ms)[0m  [1m[32mINSERT INTO "ar_internal_metadata" ("key", "value", "created_at", "updated_at") VALUES ($1, $2, $3, $4) RETURNING "key"[0m  [["key", "environment"], ["value", "development"], ["created_at", "2020-03-25 22:41:18.210249"], ["updated_at", "2020-03-25 22:41:18.210249"]]
  [1m[35m (0.2ms)[0m  [1m[35mCOMMIT[0m
  [1m[36mActiveRecord::InternalMetadata Load (0.2ms)[0m  [1m[34mSELECT  "ar_internal_metadata".* FROM "ar_internal_metadata" WHERE "ar_internal_metadata"."key" = $1 LIMIT $2[0m  [["key", "environment"], ["LIMIT", 1]]
  [1m[35m (0.1ms)[0m  [1m[35mBEGIN[0m
  [1m[35m (0.1ms)[0m  [1m[35mCOMMIT[0m
  [1m[35mSQL (0.4ms)[0m  [1m[35mCREATE EXTENSION IF NOT EXISTS "plpgsql"[0m
  [1m[35m (0.3ms)[0m  [1m[35mDROP TABLE IF EXISTS "pets" CASCADE[0m
  [1m[35m (4.7ms)[0m  [1m[35mCREATE TABLE "pets" ("id" bigserial primary key, "image" character varying, "name" character varying, "city" character varying, "approx_age" character varying, "sex" character varying, "created_at" timestamp NOT NULL, "updated_at" timestamp NOT NULL, "shelter_id" bigint, "description" character varying, "status" character varying)[0m
  [1m[35m (0.7ms)[0m  [1m[35mCREATE  INDEX  "index_pets_on_shelter_id" ON "pets"  ("shelter_id")[0m
  [1m[35m (0.1ms)[0m  [1m[35mDROP TABLE IF EXISTS "reviews" CASCADE[0m
  [1m[35m (4.4ms)[0m  [1m[35mCREATE TABLE "reviews" ("id" bigserial primary key, "title" character varying, "rating" integer, "content" character varying, "picture" character varying, "created_at" timestamp NOT NULL, "updated_at" timestamp NOT NULL, "shelter_id" bigint)[0m
  [1m[35m (0.8ms)[0m  [1m[35mCREATE  INDEX  "index_reviews_on_shelter_id" ON "reviews"  ("shelter_id")[0m
  [1m[35m (0.1ms)[0m  [1m[35mDROP TABLE IF EXISTS "shelters" CASCADE[0m
  [1m[35m (2.0ms)[0m  [1m[35mCREATE TABLE "shelters" ("id" bigserial primary key, "name" character varying, "address" character varying, "city" character varying, "state" character varying, "zip" character varying, "created_at" timestamp NOT NULL, "updated_at" timestamp NOT NULL)[0m
  [1m[35m (1.5ms)[0m  [1m[35mALTER TABLE "pets" ADD CONSTRAINT "fk_rails_92fb5d7a05"
FOREIGN KEY ("shelter_id")
  REFERENCES "shelters" ("id")
[0m
  [1m[35m (0.7ms)[0m  [1m[35mALTER TABLE "reviews" ADD CONSTRAINT "fk_rails_131565a078"
FOREIGN KEY ("shelter_id")
  REFERENCES "shelters" ("id")
[0m
  [1m[35m (1.5ms)[0m  [1m[35mCREATE TABLE "schema_migrations" ("version" character varying NOT NULL PRIMARY KEY)[0m
  [1m[35m (0.3ms)[0m  [1m[34mSELECT "schema_migrations"."version" FROM "schema_migrations" ORDER BY "schema_migrations"."version" ASC[0m
  [1m[35m (0.3ms)[0m  [1m[32mINSERT INTO "schema_migrations" (version) VALUES (20200324211556)[0m
  [1m[35m (0.2ms)[0m  [1m[32mINSERT INTO "schema_migrations" (version) VALUES
(20200320215114),
(20200320220027),
(20200321032854),
(20200317183101),
(20200324211036);

[0m
  [1m[35m (1.4ms)[0m  [1m[35mCREATE TABLE "ar_internal_metadata" ("key" character varying NOT NULL PRIMARY KEY, "value" character varying, "created_at" timestamp NOT NULL, "updated_at" timestamp NOT NULL)[0m
  [1m[36mActiveRecord::InternalMetadata Load (0.3ms)[0m  [1m[34mSELECT  "ar_internal_metadata".* FROM "ar_internal_metadata" WHERE "ar_internal_metadata"."key" = $1 LIMIT $2[0m  [["key", "environment"], ["LIMIT", 1]]
  [1m[35m (0.1ms)[0m  [1m[35mBEGIN[0m
  [1m[35mSQL (0.3ms)[0m  [1m[32mINSERT INTO "ar_internal_metadata" ("key", "value", "created_at", "updated_at") VALUES ($1, $2, $3, $4) RETURNING "key"[0m  [["key", "environment"], ["value", "development"], ["created_at", "2020-03-25 22:41:18.259002"], ["updated_at", "2020-03-25 22:41:18.259002"]]
  [1m[35m (0.2ms)[0m  [1m[35mCOMMIT[0m
  [1m[36mActiveRecord::InternalMetadata Load (0.1ms)[0m  [1m[34mSELECT  "ar_internal_metadata".* FROM "ar_internal_metadata" WHERE "ar_internal_metadata"."key" = $1 LIMIT $2[0m  [["key", "environment"], ["LIMIT", 1]]
  [1m[35m (0.1ms)[0m  [1m[35mBEGIN[0m
  [1m[35mSQL (0.2ms)[0m  [1m[33mUPDATE "ar_internal_metadata" SET "value" = $1, "updated_at" = $2 WHERE "ar_internal_metadata"."key" = $3[0m  [["value", "test"], ["updated_at", "2020-03-25 22:41:18.261289"], ["key", "environment"]]
  [1m[35m (0.2ms)[0m  [1m[35mCOMMIT[0m
  [1m[35m (0.6ms)[0m  [1m[34mSELECT "schema_migrations"."version" FROM "schema_migrations" ORDER BY "schema_migrations"."version" ASC[0m
Started GET "/" for ::1 at 2020-03-25 16:41:28 -0600
  [1m[35m (0.7ms)[0m  [1m[34mSELECT "schema_migrations"."version" FROM "schema_migrations" ORDER BY "schema_migrations"."version" ASC[0m
Processing by WelcomeController#index as HTML
  Rendering welcome/index.html.erb within layouts/application
  Rendered welcome/index.html.erb within layouts/application (1.0ms)
Completed 200 OK in 190ms (Views: 188.0ms | ActiveRecord: 0.0ms)


Started GET "/pets" for ::1 at 2020-03-25 16:41:36 -0600
Processing by PetsController#index as HTML
  Rendering pets/index.html.erb within layouts/application
  [1m[36mPet Load (0.5ms)[0m  [1m[34mSELECT "pets".* FROM "pets"[0m
  Rendered pets/index.html.erb within layouts/application (17.4ms)
Completed 200 OK in 38ms (Views: 21.5ms | ActiveRecord: 8.5ms)


Started GET "/shelters" for ::1 at 2020-03-25 16:41:38 -0600
Processing by ShelterController#index as HTML
  Rendering shelter/index.html.erb within layouts/application
  [1m[36mShelter Load (0.4ms)[0m  [1m[34mSELECT "shelters".* FROM "shelters"[0m
  Rendered shelter/index.html.erb within layouts/application (3.0ms)
Completed 200 OK in 23ms (Views: 13.7ms | ActiveRecord: 1.3ms)


Started GET "/" for ::1 at 2020-03-25 16:41:40 -0600
Processing by WelcomeController#index as HTML
  Rendering welcome/index.html.erb within layouts/application
  Rendered welcome/index.html.erb within layouts/application (0.6ms)
Completed 200 OK in 16ms (Views: 13.7ms | ActiveRecord: 0.0ms)


Started GET "/pets" for ::1 at 2020-03-25 16:41:43 -0600
Processing by PetsController#index as HTML
  Rendering pets/index.html.erb within layouts/application
  [1m[36mPet Load (0.8ms)[0m  [1m[34mSELECT "pets".* FROM "pets"[0m
  Rendered pets/index.html.erb within layouts/application (2.8ms)
Completed 200 OK in 18ms (Views: 14.8ms | ActiveRecord: 0.8ms)


Started GET "/shelters" for ::1 at 2020-03-25 16:41:45 -0600
Processing by ShelterController#index as HTML
  Rendering shelter/index.html.erb within layouts/application
  [1m[36mShelter Load (0.2ms)[0m  [1m[34mSELECT "shelters".* FROM "shelters"[0m
  Rendered shelter/index.html.erb within layouts/application (1.7ms)
Completed 200 OK in 17ms (Views: 14.2ms | ActiveRecord: 0.2ms)


Started GET "/shelters/new" for ::1 at 2020-03-25 16:41:47 -0600
Processing by ShelterController#new as HTML
  Rendering shelter/new.html.erb within layouts/application
  Rendered shelter/new.html.erb within layouts/application (2.3ms)
Completed 200 OK in 18ms (Views: 14.7ms | ActiveRecord: 0.0ms)


Started GET "/shelters/new" for ::1 at 2020-03-25 18:01:11 -0600
  [1m[35m (1.9ms)[0m  [1m[34mSELECT "schema_migrations"."version" FROM "schema_migrations" ORDER BY "schema_migrations"."version" ASC[0m
Processing by ShelterController#new as HTML
  Rendering shelter/new.html.erb within layouts/application
  Rendered shelter/new.html.erb within layouts/application (5.2ms)
Completed 200 OK in 147ms (Views: 144.2ms | ActiveRecord: 0.0ms)


Started POST "/shelters" for ::1 at 2020-03-25 18:01:15 -0600
Processing by ShelterController#create as HTML
  Parameters: {"utf8"=>"✓", "authenticity_token"=>"Lv3IAOHewPRGgnv2cG/b1LrpS9T54je5i5w3ubp16S1RlUvjANIx1EIt2cisfrxNvuithaQTjhKpvNoSa74gxw==", "name"=>"Test", "address"=>"444 Here", "city"=>"Erie", "state"=>"PA", "zip"=>"34004", "commit"=>"Create Shelter"}
Unpermitted parameters: :utf8, :authenticity_token, :commit
  [1m[35m (0.1ms)[0m  [1m[35mBEGIN[0m
  [1m[35mSQL (1.0ms)[0m  [1m[32mINSERT INTO "shelters" ("name", "address", "city", "state", "zip", "created_at", "updated_at") VALUES ($1, $2, $3, $4, $5, $6, $7) RETURNING "id"[0m  [["name", "Test"], ["address", "444 Here"], ["city", "Erie"], ["state", "PA"], ["zip", "34004"], ["created_at", "2020-03-26 00:01:15.644756"], ["updated_at", "2020-03-26 00:01:15.644756"]]
  [1m[35m (0.5ms)[0m  [1m[35mCOMMIT[0m
Redirected to http://localhost:3000/shelters
Completed 302 Found in 38ms (ActiveRecord: 16.2ms)


Started GET "/shelters" for ::1 at 2020-03-25 18:01:15 -0600
Processing by ShelterController#index as HTML
  Rendering shelter/index.html.erb within layouts/application
  [1m[36mShelter Load (0.3ms)[0m  [1m[34mSELECT "shelters".* FROM "shelters"[0m
  Rendered shelter/index.html.erb within layouts/application (3.4ms)
Completed 200 OK in 17ms (Views: 13.8ms | ActiveRecord: 0.3ms)


Started GET "/shelters/1" for ::1 at 2020-03-25 18:01:28 -0600
Processing by ShelterController#show as HTML
  Parameters: {"id"=>"1"}
  [1m[36mShelter Load (0.2ms)[0m  [1m[34mSELECT  "shelters".* FROM "shelters" WHERE "shelters"."id" = $1 LIMIT $2[0m  [["id", 1], ["LIMIT", 1]]
  Rendering shelter/show.html.erb within layouts/application
  [1m[35m (0.8ms)[0m  [1m[34mSELECT COUNT(*) FROM "pets" WHERE "pets"."shelter_id" = $1[0m  [["shelter_id", 1]]
  [1m[36mReview Load (0.9ms)[0m  [1m[34mSELECT "reviews".* FROM "reviews" WHERE "reviews"."shelter_id" = $1[0m  [["shelter_id", 1]]
  Rendered shelter/show.html.erb within layouts/application (29.7ms)
Completed 200 OK in 49ms (Views: 38.0ms | ActiveRecord: 5.4ms)


Started GET "/shelters/1/edit" for ::1 at 2020-03-25 18:01:31 -0600
Processing by ShelterController#edit as HTML
  Parameters: {"id"=>"1"}
  [1m[36mShelter Load (0.2ms)[0m  [1m[34mSELECT  "shelters".* FROM "shelters" WHERE "shelters"."id" = $1 LIMIT $2[0m  [["id", 1], ["LIMIT", 1]]
  Rendering shelter/edit.html.erb within layouts/application
  Rendered shelter/edit.html.erb within layouts/application (1.4ms)
Completed 200 OK in 17ms (Views: 12.9ms | ActiveRecord: 0.2ms)


Started GET "/shelters/1/edit" for ::1 at 2020-03-25 18:01:48 -0600
Processing by ShelterController#edit as HTML
  Parameters: {"id"=>"1"}
  [1m[36mShelter Load (0.4ms)[0m  [1m[34mSELECT  "shelters".* FROM "shelters" WHERE "shelters"."id" = $1 LIMIT $2[0m  [["id", 1], ["LIMIT", 1]]
  Rendering shelter/edit.html.erb within layouts/application
  Rendered shelter/edit.html.erb within layouts/application (1.7ms)
Completed 200 OK in 19ms (Views: 15.1ms | ActiveRecord: 0.4ms)


Started GET "/shelters/1/edit" for ::1 at 2020-03-25 18:01:57 -0600
Processing by ShelterController#edit as HTML
  Parameters: {"id"=>"1"}
  [1m[36mShelter Load (0.4ms)[0m  [1m[34mSELECT  "shelters".* FROM "shelters" WHERE "shelters"."id" = $1 LIMIT $2[0m  [["id", 1], ["LIMIT", 1]]
  Rendering shelter/edit.html.erb within layouts/application
  Rendered shelter/edit.html.erb within layouts/application (1.6ms)
Completed 200 OK in 19ms (Views: 14.7ms | ActiveRecord: 0.4ms)


Started GET "/shelters/1/edit" for ::1 at 2020-03-25 18:02:48 -0600
Processing by ShelterController#edit as HTML
  Parameters: {"id"=>"1"}
  [1m[36mShelter Load (0.3ms)[0m  [1m[34mSELECT  "shelters".* FROM "shelters" WHERE "shelters"."id" = $1 LIMIT $2[0m  [["id", 1], ["LIMIT", 1]]
  Rendering shelter/edit.html.erb within layouts/application
  Rendered shelter/edit.html.erb within layouts/application (1.7ms)
Completed 200 OK in 19ms (Views: 14.7ms | ActiveRecord: 0.3ms)


Started GET "/shelters/1/edit" for ::1 at 2020-03-25 18:03:13 -0600
Processing by ShelterController#edit as HTML
  Parameters: {"id"=>"1"}
  [1m[36mShelter Load (0.5ms)[0m  [1m[34mSELECT  "shelters".* FROM "shelters" WHERE "shelters"."id" = $1 LIMIT $2[0m  [["id", 1], ["LIMIT", 1]]
  Rendering shelter/edit.html.erb within layouts/application
  Rendered shelter/edit.html.erb within layouts/application (1.9ms)
Completed 200 OK in 18ms (Views: 14.1ms | ActiveRecord: 0.5ms)


Started GET "/shelters" for ::1 at 2020-03-25 18:04:38 -0600
  [1m[35m (0.5ms)[0m  [1m[34mSELECT "schema_migrations"."version" FROM "schema_migrations" ORDER BY "schema_migrations"."version" ASC[0m
Processing by ShelterController#index as HTML
  Rendering shelter/index.html.erb within layouts/application
  [1m[36mShelter Load (0.6ms)[0m  [1m[34mSELECT "shelters".* FROM "shelters"[0m
  Rendered shelter/index.html.erb within layouts/application (12.1ms)
Completed 200 OK in 167ms (Views: 155.6ms | ActiveRecord: 3.7ms)


Started GET "/shelters/1/edit" for ::1 at 2020-03-25 18:04:43 -0600
Processing by ShelterController#edit as HTML
  Parameters: {"id"=>"1"}
  [1m[36mShelter Load (0.4ms)[0m  [1m[34mSELECT  "shelters".* FROM "shelters" WHERE "shelters"."id" = $1 LIMIT $2[0m  [["id", 1], ["LIMIT", 1]]
  Rendering shelter/edit.html.erb within layouts/application
  Rendered shelter/edit.html.erb within layouts/application (1.8ms)
Completed 200 OK in 30ms (Views: 12.3ms | ActiveRecord: 6.3ms)


Started GET "/shelters/1/edit" for ::1 at 2020-03-25 18:05:50 -0600
Processing by ShelterController#edit as HTML
  Parameters: {"id"=>"1"}
  [1m[36mShelter Load (0.5ms)[0m  [1m[34mSELECT  "shelters".* FROM "shelters" WHERE "shelters"."id" = $1 LIMIT $2[0m  [["id", 1], ["LIMIT", 1]]
  Rendering shelter/edit.html.erb within layouts/application
  Rendered shelter/edit.html.erb within layouts/application (5.1ms)
Completed 500 Internal Server Error in 15ms (ActiveRecord: 0.5ms)


  
ActionView::Template::Error (undefined method `name' for nil:NilClass):
     9:   <div style="text-align:center">
    10:     <%= form_tag "/shelters/#{@shelter_to_edit.id}", method: :patch do %>
    11:     <%= label_tag :name %>
    12:     <%= text_field_tag :name, "#{@shelter.name}" %>
    13:       <br/>
    14:     <%= label_tag :address %>
    15:     <%= text_field_tag :address %>
  
app/views/shelter/edit.html.erb:12:in `block in _app_views_shelter_edit_html_erb___1599763611284226923_70316839973140'
app/views/shelter/edit.html.erb:10:in `_app_views_shelter_edit_html_erb___1599763611284226923_70316839973140'
Started GET "/shelters/1/edit" for ::1 at 2020-03-25 18:06:11 -0600
Processing by ShelterController#edit as HTML
  Parameters: {"id"=>"1"}
  [1m[36mShelter Load (0.5ms)[0m  [1m[34mSELECT  "shelters".* FROM "shelters" WHERE "shelters"."id" = $1 LIMIT $2[0m  [["id", 1], ["LIMIT", 1]]
  Rendering shelter/edit.html.erb within layouts/application
  Rendered shelter/edit.html.erb within layouts/application (2.7ms)
Completed 200 OK in 31ms (Views: 26.2ms | ActiveRecord: 0.8ms)


Started GET "/shelters/1/edit" for ::1 at 2020-03-25 18:06:33 -0600
Processing by ShelterController#edit as HTML
  Parameters: {"id"=>"1"}
  [1m[36mShelter Load (0.6ms)[0m  [1m[34mSELECT  "shelters".* FROM "shelters" WHERE "shelters"."id" = $1 LIMIT $2[0m  [["id", 1], ["LIMIT", 1]]
  Rendering shelter/edit.html.erb within layouts/application
  Rendered shelter/edit.html.erb within layouts/application (2.1ms)
Completed 200 OK in 19ms (Views: 15.3ms | ActiveRecord: 0.6ms)


Started GET "/shelters/1/edit" for ::1 at 2020-03-25 18:06:49 -0600
Processing by ShelterController#edit as HTML
  Parameters: {"id"=>"1"}
  [1m[36mShelter Load (0.5ms)[0m  [1m[34mSELECT  "shelters".* FROM "shelters" WHERE "shelters"."id" = $1 LIMIT $2[0m  [["id", 1], ["LIMIT", 1]]
  Rendering shelter/edit.html.erb within layouts/application
  Rendered shelter/edit.html.erb within layouts/application (1.9ms)
Completed 200 OK in 19ms (Views: 15.1ms | ActiveRecord: 0.5ms)


Started GET "/shelters/1/edit" for ::1 at 2020-03-25 18:07:09 -0600
Processing by ShelterController#edit as HTML
  Parameters: {"id"=>"1"}
  [1m[36mShelter Load (0.6ms)[0m  [1m[34mSELECT  "shelters".* FROM "shelters" WHERE "shelters"."id" = $1 LIMIT $2[0m  [["id", 1], ["LIMIT", 1]]
  Rendering shelter/edit.html.erb within layouts/application
  Rendered shelter/edit.html.erb within layouts/application (2.4ms)
Completed 200 OK in 20ms (Views: 15.9ms | ActiveRecord: 0.6ms)


Started GET "/shelters/1/edit" for ::1 at 2020-03-25 18:07:23 -0600
Processing by ShelterController#edit as HTML
  Parameters: {"id"=>"1"}
  [1m[36mShelter Load (0.4ms)[0m  [1m[34mSELECT  "shelters".* FROM "shelters" WHERE "shelters"."id" = $1 LIMIT $2[0m  [["id", 1], ["LIMIT", 1]]
  Rendering shelter/edit.html.erb within layouts/application
  Rendered shelter/edit.html.erb within layouts/application (1.7ms)
Completed 500 Internal Server Error in 11ms (ActiveRecord: 0.4ms)


  
SyntaxError (/Users/niv3kmcg/turing/2module/projects/adopt_dont_shop_paired/app/views/shelter/edit.html.erb:24: syntax error, unexpected ','
...append=( text_field_tag :zip, , "#{@shelter_to_edit.zip}" );...
...                              ^):
  
app/views/shelter/edit.html.erb:24: syntax error, unexpected ','
Started GET "/shelters/1/edit" for ::1 at 2020-03-25 18:08:03 -0600
Processing by ShelterController#edit as HTML
  Parameters: {"id"=>"1"}
  [1m[36mShelter Load (0.5ms)[0m  [1m[34mSELECT  "shelters".* FROM "shelters" WHERE "shelters"."id" = $1 LIMIT $2[0m  [["id", 1], ["LIMIT", 1]]
  Rendering shelter/edit.html.erb within layouts/application
  Rendered shelter/edit.html.erb within layouts/application (2.1ms)
Completed 200 OK in 21ms (Views: 17.4ms | ActiveRecord: 0.5ms)


Started PATCH "/shelters/1" for ::1 at 2020-03-25 18:08:11 -0600
Processing by ShelterController#update as HTML
  Parameters: {"utf8"=>"✓", "authenticity_token"=>"uuFeP9Io/4QQ3xXHLnH8GNXC4T5ETLPdfQo2Yc/COpDFid3cMyQOpBRwt/nyYJuB0cMHbxm9CnZfKtvKHgnzeg==", "name"=>"Test Shelter", "address"=>"444 Here", "city"=>"Erie", "state"=>"PA", "zip"=>"34004", "commit"=>"Submit", "id"=>"1"}
Unpermitted parameters: :utf8, :_method, :authenticity_token, :commit, :id
  [1m[36mShelter Load (0.3ms)[0m  [1m[34mSELECT  "shelters".* FROM "shelters" WHERE "shelters"."id" = $1 LIMIT $2[0m  [["id", 1], ["LIMIT", 1]]
  [1m[35m (0.1ms)[0m  [1m[35mBEGIN[0m
  [1m[35mSQL (0.4ms)[0m  [1m[33mUPDATE "shelters" SET "name" = $1, "updated_at" = $2 WHERE "shelters"."id" = $3[0m  [["name", "Test Shelter"], ["updated_at", "2020-03-26 00:08:11.576760"], ["id", 1]]
  [1m[35m (0.4ms)[0m  [1m[35mCOMMIT[0m
Redirected to http://localhost:3000/shelters/1
Completed 302 Found in 5ms (ActiveRecord: 1.2ms)


Started GET "/shelters/1" for ::1 at 2020-03-25 18:08:11 -0600
Processing by ShelterController#show as HTML
  Parameters: {"id"=>"1"}
  [1m[36mShelter Load (0.3ms)[0m  [1m[34mSELECT  "shelters".* FROM "shelters" WHERE "shelters"."id" = $1 LIMIT $2[0m  [["id", 1], ["LIMIT", 1]]
  Rendering shelter/show.html.erb within layouts/application
  [1m[35m (0.9ms)[0m  [1m[34mSELECT COUNT(*) FROM "pets" WHERE "pets"."shelter_id" = $1[0m  [["shelter_id", 1]]
  [1m[36mReview Load (0.6ms)[0m  [1m[34mSELECT "reviews".* FROM "reviews" WHERE "reviews"."shelter_id" = $1[0m  [["shelter_id", 1]]
  Rendered shelter/show.html.erb within layouts/application (33.7ms)
Completed 200 OK in 51ms (Views: 40.8ms | ActiveRecord: 7.2ms)


Started GET "/shelters/1/reviews/new" for ::1 at 2020-03-25 18:08:21 -0600
Processing by ReviewsController#new as HTML
  Parameters: {"shelter_id"=>"1"}
  [1m[36mShelter Load (0.3ms)[0m  [1m[34mSELECT  "shelters".* FROM "shelters" WHERE "shelters"."id" = $1 LIMIT $2[0m  [["id", 1], ["LIMIT", 1]]
  Rendering reviews/new.html.erb within layouts/application
  Rendered reviews/new.html.erb within layouts/application (1.6ms)
Completed 200 OK in 20ms (Views: 16.2ms | ActiveRecord: 0.3ms)


Started POST "/shelters/1/reviews" for ::1 at 2020-03-25 18:08:35 -0600
Processing by ReviewsController#create as HTML
  Parameters: {"utf8"=>"✓", "authenticity_token"=>"L1SDxS3SimQYQdckE75qS9Gi7/7V6ZyU1ssPc7PNAblQPAAmzN57RBzudRrPrw3S1aMJr4gYJT/06+LYYgbIUw==", "title"=>"Sweet", "rating"=>"5", "content"=>"Great smelling place!", "picture"=>"", "commit"=>"Create Review", "shelter_id"=>"1"}
  [1m[36mShelter Load (0.3ms)[0m  [1m[34mSELECT  "shelters".* FROM "shelters" WHERE "shelters"."id" = $1 LIMIT $2[0m  [["id", 1], ["LIMIT", 1]]
Unpermitted parameters: :utf8, :authenticity_token, :commit, :shelter_id
  [1m[35m (0.1ms)[0m  [1m[35mBEGIN[0m
  [1m[35mSQL (0.9ms)[0m  [1m[32mINSERT INTO "reviews" ("title", "rating", "content", "picture", "created_at", "updated_at", "shelter_id") VALUES ($1, $2, $3, $4, $5, $6, $7) RETURNING "id"[0m  [["title", "Sweet"], ["rating", 5], ["content", "Great smelling place!"], ["picture", ""], ["created_at", "2020-03-26 00:08:35.810475"], ["updated_at", "2020-03-26 00:08:35.810475"], ["shelter_id", 1]]
  [1m[35m (1.3ms)[0m  [1m[35mCOMMIT[0m
Redirected to http://localhost:3000/shelters/1
Completed 302 Found in 22ms (ActiveRecord: 6.8ms)


Started GET "/shelters/1" for ::1 at 2020-03-25 18:08:35 -0600
Processing by ShelterController#show as HTML
  Parameters: {"id"=>"1"}
  [1m[36mShelter Load (0.4ms)[0m  [1m[34mSELECT  "shelters".* FROM "shelters" WHERE "shelters"."id" = $1 LIMIT $2[0m  [["id", 1], ["LIMIT", 1]]
  Rendering shelter/show.html.erb within layouts/application
  [1m[35m (0.5ms)[0m  [1m[34mSELECT COUNT(*) FROM "pets" WHERE "pets"."shelter_id" = $1[0m  [["shelter_id", 1]]
  [1m[36mReview Load (0.4ms)[0m  [1m[34mSELECT "reviews".* FROM "reviews" WHERE "reviews"."shelter_id" = $1[0m  [["shelter_id", 1]]
  Rendered shelter/show.html.erb within layouts/application (3.6ms)
Completed 200 OK in 20ms (Views: 15.7ms | ActiveRecord: 1.3ms)


Started GET "/shelters/alt=" for ::1 at 2020-03-25 18:08:35 -0600
Processing by ShelterController#show as HTML
  Parameters: {"id"=>"alt="}
  [1m[36mShelter Load (0.2ms)[0m  [1m[34mSELECT  "shelters".* FROM "shelters" WHERE "shelters"."id" = $1 LIMIT $2[0m  [["id", 0], ["LIMIT", 1]]
Completed 404 Not Found in 2ms (ActiveRecord: 0.2ms)


  
ActiveRecord::RecordNotFound (Couldn't find Shelter with 'id'=alt=):
  
app/controllers/shelter_controller.rb:8:in `show'
  [1m[35m (1.5ms)[0m  [1m[34mSELECT "schema_migrations"."version" FROM "schema_migrations" ORDER BY "schema_migrations"."version" ASC[0m
  [1m[36mShelter Load (0.5ms)[0m  [1m[34mSELECT "shelters".* FROM "shelters"[0m
  [1m[35m (0.1ms)[0m  [1m[35mBEGIN[0m
  [1m[36mPet Load (1.8ms)[0m  [1m[34mSELECT "pets".* FROM "pets" WHERE "pets"."shelter_id" = $1[0m  [["shelter_id", 1]]
  [1m[36mReview Load (0.6ms)[0m  [1m[34mSELECT "reviews".* FROM "reviews" WHERE "reviews"."shelter_id" = $1[0m  [["shelter_id", 1]]
  [1m[35mSQL (0.5ms)[0m  [1m[31mDELETE FROM "reviews" WHERE "reviews"."id" = $1[0m  [["id", 1]]
  [1m[35mSQL (1.1ms)[0m  [1m[31mDELETE FROM "shelters" WHERE "shelters"."id" = $1[0m  [["id", 1]]
  [1m[35m (1.1ms)[0m  [1m[35mCOMMIT[0m
  [1m[36mPet Load (0.4ms)[0m  [1m[34mSELECT "pets".* FROM "pets"[0m
  [1m[36mReview Load (0.3ms)[0m  [1m[34mSELECT "reviews".* FROM "reviews"[0m
  [1m[35m (0.2ms)[0m  [1m[35mBEGIN[0m
  [1m[35mSQL (0.5ms)[0m  [1m[32mINSERT INTO "shelters" ("name", "address", "city", "state", "zip", "created_at", "updated_at") VALUES ($1, $2, $3, $4, $5, $6, $7) RETURNING "id"[0m  [["name", "Burt's Barn"], ["address", "123 Sesame Street"], ["city", "New York"], ["state", "NY"], ["zip", "12345"], ["created_at", "2020-03-26 12:40:30.653541"], ["updated_at", "2020-03-26 12:40:30.653541"]]
  [1m[35m (0.4ms)[0m  [1m[35mCOMMIT[0m
  [1m[35m (0.1ms)[0m  [1m[35mBEGIN[0m
  [1m[35mSQL (0.3ms)[0m  [1m[32mINSERT INTO "shelters" ("name", "address", "city", "state", "zip", "created_at", "updated_at") VALUES ($1, $2, $3, $4, $5, $6, $7) RETURNING "id"[0m  [["name", "Ernie's Everhome"], ["address", "505 Elmwood Drive"], ["city", "Chelsea"], ["state", "MA"], ["zip", "02468"], ["created_at", "2020-03-26 12:40:30.656409"], ["updated_at", "2020-03-26 12:40:30.656409"]]
  [1m[35m (0.4ms)[0m  [1m[35mCOMMIT[0m
  [1m[35m (0.1ms)[0m  [1m[35mBEGIN[0m
  [1m[35mSQL (0.7ms)[0m  [1m[32mINSERT INTO "pets" ("image", "name", "approx_age", "sex", "created_at", "updated_at", "shelter_id", "description") VALUES ($1, $2, $3, $4, $5, $6, $7, $8) RETURNING "id"[0m  [["image", "https://assets.change.org/photos/3/yk/di/kLYkdIaPKknZpoD-800x450-noPad.jpg?1519383791"], ["name", "Penelope"], ["approx_age", "1"], ["sex", "female"], ["created_at", "2020-03-26 12:40:30.668578"], ["updated_at", "2020-03-26 12:40:30.668578"], ["shelter_id", 2], ["description", "A face only everyone could love!"]]
  [1m[35m (0.3ms)[0m  [1m[35mCOMMIT[0m
  [1m[35m (0.1ms)[0m  [1m[35mBEGIN[0m
  [1m[35mSQL (0.4ms)[0m  [1m[32mINSERT INTO "pets" ("image", "name", "approx_age", "sex", "created_at", "updated_at", "shelter_id", "description") VALUES ($1, $2, $3, $4, $5, $6, $7, $8) RETURNING "id"[0m  [["image", "https://external-preview.redd.it/P4X2K5llPbMkRkmFkycSPdDGAp051xJl0UF50bZRId4.jpg?auto=webp&s=5231b2f36d623b3258d36adbfbaf9be305f0d419"], ["name", "Petey"], ["approx_age", "1"], ["sex", "male"], ["created_at", "2020-03-26 12:40:30.671153"], ["updated_at", "2020-03-26 12:40:30.671153"], ["shelter_id", 2], ["description", "Rubber baby bacon booties!"]]
  [1m[35m (0.3ms)[0m  [1m[35mCOMMIT[0m
  [1m[35m (0.1ms)[0m  [1m[35mBEGIN[0m
  [1m[35mSQL (0.3ms)[0m  [1m[32mINSERT INTO "pets" ("image", "name", "approx_age", "sex", "created_at", "updated_at", "shelter_id", "description", "status") VALUES ($1, $2, $3, $4, $5, $6, $7, $8, $9) RETURNING "id"[0m  [["image", "https://www.thesun.co.uk/wp-content/uploads/2019/10/NINTCHDBPICT000528091420.jpg?strip=all&w=960"], ["name", "Francisco"], ["approx_age", "3"], ["sex", "male"], ["created_at", "2020-03-26 12:40:30.673355"], ["updated_at", "2020-03-26 12:40:30.673355"], ["shelter_id", 3], ["description", "What, behind the rabbit!?"], ["status", "1"]]
  [1m[35m (0.3ms)[0m  [1m[35mCOMMIT[0m
  [1m[35m (0.1ms)[0m  [1m[35mBEGIN[0m
  [1m[35mSQL (0.3ms)[0m  [1m[32mINSERT INTO "reviews" ("title", "rating", "content", "picture", "created_at", "updated_at", "shelter_id") VALUES ($1, $2, $3, $4, $5, $6, $7) RETURNING "id"[0m  [["title", "Best Shelter"], ["rating", 5], ["content", "These guys really know how to run a shelter!"], ["picture", "https://www.rd.com/wp-content/uploads/2019/10/puppies-1-760x506.jpg"], ["created_at", "2020-03-26 12:40:30.675314"], ["updated_at", "2020-03-26 12:40:30.675314"], ["shelter_id", 2]]
  [1m[35m (0.2ms)[0m  [1m[35mCOMMIT[0m
  [1m[35m (0.1ms)[0m  [1m[35mBEGIN[0m
  [1m[35mSQL (0.2ms)[0m  [1m[32mINSERT INTO "reviews" ("title", "rating", "content", "created_at", "updated_at", "shelter_id") VALUES ($1, $2, $3, $4, $5, $6) RETURNING "id"[0m  [["title", "Pretty Good"], ["rating", 4], ["content", "Great selection of pigs : )"], ["created_at", "2020-03-26 12:40:30.676964"], ["updated_at", "2020-03-26 12:40:30.676964"], ["shelter_id", 2]]
  [1m[35m (0.3ms)[0m  [1m[35mCOMMIT[0m
Started GET "/" for ::1 at 2020-03-26 06:40:46 -0600
  [1m[35m (0.5ms)[0m  [1m[34mSELECT "schema_migrations"."version" FROM "schema_migrations" ORDER BY "schema_migrations"."version" ASC[0m
Processing by WelcomeController#index as HTML
  Rendering welcome/index.html.erb within layouts/application
  Rendered welcome/index.html.erb within layouts/application (1.0ms)
Completed 200 OK in 142ms (Views: 139.4ms | ActiveRecord: 0.0ms)


Started GET "/pets" for ::1 at 2020-03-26 06:40:55 -0600
Processing by PetsController#index as HTML
  Rendering pets/index.html.erb within layouts/application
  [1m[36mPet Load (0.7ms)[0m  [1m[34mSELECT "pets".* FROM "pets"[0m
  [1m[36mShelter Load (0.3ms)[0m  [1m[34mSELECT  "shelters".* FROM "shelters" WHERE "shelters"."id" = $1 LIMIT $2[0m  [["id", 2], ["LIMIT", 1]]
  [1m[36mCACHE Shelter Load (0.0ms)[0m  [1m[34mSELECT  "shelters".* FROM "shelters" WHERE "shelters"."id" = $1 LIMIT $2[0m  [["id", 2], ["LIMIT", 1]]
  [1m[36mShelter Load (0.2ms)[0m  [1m[34mSELECT  "shelters".* FROM "shelters" WHERE "shelters"."id" = $1 LIMIT $2[0m  [["id", 3], ["LIMIT", 1]]
  Rendered pets/index.html.erb within layouts/application (49.0ms)
Completed 200 OK in 69ms (Views: 47.5ms | ActiveRecord: 13.3ms)


Started GET "/shelters" for ::1 at 2020-03-26 06:41:09 -0600
Processing by ShelterController#index as HTML
  Rendering shelter/index.html.erb within layouts/application
  [1m[36mShelter Load (0.3ms)[0m  [1m[34mSELECT "shelters".* FROM "shelters"[0m
  Rendered shelter/index.html.erb within layouts/application (1.9ms)
Completed 200 OK in 17ms (Views: 14.4ms | ActiveRecord: 0.3ms)


Started GET "/pets" for ::1 at 2020-03-26 06:41:12 -0600
Processing by PetsController#index as HTML
  Rendering pets/index.html.erb within layouts/application
  [1m[36mPet Load (1.1ms)[0m  [1m[34mSELECT "pets".* FROM "pets"[0m
  [1m[36mShelter Load (0.4ms)[0m  [1m[34mSELECT  "shelters".* FROM "shelters" WHERE "shelters"."id" = $1 LIMIT $2[0m  [["id", 2], ["LIMIT", 1]]
  [1m[36mCACHE Shelter Load (0.0ms)[0m  [1m[34mSELECT  "shelters".* FROM "shelters" WHERE "shelters"."id" = $1 LIMIT $2[0m  [["id", 2], ["LIMIT", 1]]
  [1m[36mShelter Load (0.2ms)[0m  [1m[34mSELECT  "shelters".* FROM "shelters" WHERE "shelters"."id" = $1 LIMIT $2[0m  [["id", 3], ["LIMIT", 1]]
  Rendered pets/index.html.erb within layouts/application (6.7ms)
Completed 200 OK in 22ms (Views: 16.9ms | ActiveRecord: 2.0ms)


Started GET "/shelters" for ::1 at 2020-03-26 06:41:13 -0600
Processing by ShelterController#index as HTML
  Rendering shelter/index.html.erb within layouts/application
  [1m[36mShelter Load (0.2ms)[0m  [1m[34mSELECT "shelters".* FROM "shelters"[0m
  Rendered shelter/index.html.erb within layouts/application (2.0ms)
Completed 200 OK in 18ms (Views: 14.5ms | ActiveRecord: 0.2ms)


Started GET "/pets" for ::1 at 2020-03-26 06:41:15 -0600
Processing by PetsController#index as HTML
  Rendering pets/index.html.erb within layouts/application
  [1m[36mPet Load (0.2ms)[0m  [1m[34mSELECT "pets".* FROM "pets"[0m
  [1m[36mShelter Load (0.2ms)[0m  [1m[34mSELECT  "shelters".* FROM "shelters" WHERE "shelters"."id" = $1 LIMIT $2[0m  [["id", 2], ["LIMIT", 1]]
  [1m[36mCACHE Shelter Load (0.0ms)[0m  [1m[34mSELECT  "shelters".* FROM "shelters" WHERE "shelters"."id" = $1 LIMIT $2[0m  [["id", 2], ["LIMIT", 1]]
  [1m[36mShelter Load (0.3ms)[0m  [1m[34mSELECT  "shelters".* FROM "shelters" WHERE "shelters"."id" = $1 LIMIT $2[0m  [["id", 3], ["LIMIT", 1]]
  Rendered pets/index.html.erb within layouts/application (5.5ms)
Completed 200 OK in 21ms (Views: 17.8ms | ActiveRecord: 0.8ms)


Started GET "/shelters" for ::1 at 2020-03-26 06:41:16 -0600
Processing by ShelterController#index as HTML
  Rendering shelter/index.html.erb within layouts/application
  [1m[36mShelter Load (0.3ms)[0m  [1m[34mSELECT "shelters".* FROM "shelters"[0m
  Rendered shelter/index.html.erb within layouts/application (2.0ms)
Completed 200 OK in 19ms (Views: 15.6ms | ActiveRecord: 0.3ms)


Started GET "/pets" for ::1 at 2020-03-26 06:41:17 -0600
Processing by PetsController#index as HTML
  Rendering pets/index.html.erb within layouts/application
  [1m[36mPet Load (0.3ms)[0m  [1m[34mSELECT "pets".* FROM "pets"[0m
  [1m[36mShelter Load (0.4ms)[0m  [1m[34mSELECT  "shelters".* FROM "shelters" WHERE "shelters"."id" = $1 LIMIT $2[0m  [["id", 2], ["LIMIT", 1]]
  [1m[36mCACHE Shelter Load (0.0ms)[0m  [1m[34mSELECT  "shelters".* FROM "shelters" WHERE "shelters"."id" = $1 LIMIT $2[0m  [["id", 2], ["LIMIT", 1]]
  [1m[36mShelter Load (0.2ms)[0m  [1m[34mSELECT  "shelters".* FROM "shelters" WHERE "shelters"."id" = $1 LIMIT $2[0m  [["id", 3], ["LIMIT", 1]]
  Rendered pets/index.html.erb within layouts/application (5.6ms)
Completed 200 OK in 39ms (Views: 35.1ms | ActiveRecord: 0.9ms)


Started GET "/shelters" for ::1 at 2020-03-26 06:41:19 -0600
Processing by ShelterController#index as HTML
  Rendering shelter/index.html.erb within layouts/application
  [1m[36mShelter Load (0.4ms)[0m  [1m[34mSELECT "shelters".* FROM "shelters"[0m
  Rendered shelter/index.html.erb within layouts/application (2.1ms)
Completed 200 OK in 22ms (Views: 18.2ms | ActiveRecord: 0.4ms)


Started GET "/shelters/2" for ::1 at 2020-03-26 06:41:26 -0600
Processing by ShelterController#show as HTML
  Parameters: {"id"=>"2"}
  [1m[36mShelter Load (0.3ms)[0m  [1m[34mSELECT  "shelters".* FROM "shelters" WHERE "shelters"."id" = $1 LIMIT $2[0m  [["id", 2], ["LIMIT", 1]]
  Rendering shelter/show.html.erb within layouts/application
  [1m[35m (0.5ms)[0m  [1m[34mSELECT COUNT(*) FROM "pets" WHERE "pets"."shelter_id" = $1[0m  [["shelter_id", 2]]
  [1m[36mReview Load (0.5ms)[0m  [1m[34mSELECT "reviews".* FROM "reviews" WHERE "reviews"."shelter_id" = $1[0m  [["shelter_id", 2]]
  Rendered shelter/show.html.erb within layouts/application (23.5ms)
Completed 200 OK in 41ms (Views: 31.6ms | ActiveRecord: 4.9ms)


Started GET "/shelters/alt=" for ::1 at 2020-03-26 06:41:26 -0600
Processing by ShelterController#show as HTML
  Parameters: {"id"=>"alt="}
  [1m[36mShelter Load (0.4ms)[0m  [1m[34mSELECT  "shelters".* FROM "shelters" WHERE "shelters"."id" = $1 LIMIT $2[0m  [["id", 0], ["LIMIT", 1]]
Completed 404 Not Found in 2ms (ActiveRecord: 0.4ms)


  
ActiveRecord::RecordNotFound (Couldn't find Shelter with 'id'=alt=):
  
app/controllers/shelter_controller.rb:8:in `show'
Started GET "/shelters" for ::1 at 2020-03-26 06:41:52 -0600
Processing by ShelterController#index as HTML
  Rendering shelter/index.html.erb within layouts/application
  [1m[36mShelter Load (0.3ms)[0m  [1m[34mSELECT "shelters".* FROM "shelters"[0m
  Rendered shelter/index.html.erb within layouts/application (2.2ms)
Completed 200 OK in 23ms (Views: 19.8ms | ActiveRecord: 0.3ms)


Started GET "/shelters/3" for ::1 at 2020-03-26 06:41:54 -0600
Processing by ShelterController#show as HTML
  Parameters: {"id"=>"3"}
  [1m[36mShelter Load (0.4ms)[0m  [1m[34mSELECT  "shelters".* FROM "shelters" WHERE "shelters"."id" = $1 LIMIT $2[0m  [["id", 3], ["LIMIT", 1]]
  Rendering shelter/show.html.erb within layouts/application
  [1m[35m (0.4ms)[0m  [1m[34mSELECT COUNT(*) FROM "pets" WHERE "pets"."shelter_id" = $1[0m  [["shelter_id", 3]]
  [1m[36mReview Load (0.5ms)[0m  [1m[34mSELECT "reviews".* FROM "reviews" WHERE "reviews"."shelter_id" = $1[0m  [["shelter_id", 3]]
  Rendered shelter/show.html.erb within layouts/application (4.7ms)
Completed 200 OK in 23ms (Views: 18.4ms | ActiveRecord: 1.3ms)


Started GET "/shelters/3/pets" for ::1 at 2020-03-26 06:42:11 -0600
Processing by ShelterPetsController#index as HTML
  Parameters: {"shelter_id"=>"3"}
  [1m[36mShelter Load (0.2ms)[0m  [1m[34mSELECT  "shelters".* FROM "shelters" WHERE "shelters"."id" = $1 LIMIT $2[0m  [["id", 3], ["LIMIT", 1]]
  Rendering shelter_pets/index.html.erb within layouts/application
  [1m[36mPet Load (0.2ms)[0m  [1m[34mSELECT "pets".* FROM "pets" WHERE "pets"."shelter_id" = $1[0m  [["shelter_id", 3]]
  Rendered shelter_pets/index.html.erb within layouts/application (2.9ms)
Completed 200 OK in 23ms (Views: 18.9ms | ActiveRecord: 0.4ms)


Started GET "/pets" for ::1 at 2020-03-26 06:42:18 -0600
Processing by PetsController#index as HTML
  Rendering pets/index.html.erb within layouts/application
  [1m[36mPet Load (0.3ms)[0m  [1m[34mSELECT "pets".* FROM "pets"[0m
  [1m[36mShelter Load (0.2ms)[0m  [1m[34mSELECT  "shelters".* FROM "shelters" WHERE "shelters"."id" = $1 LIMIT $2[0m  [["id", 2], ["LIMIT", 1]]
  [1m[36mCACHE Shelter Load (0.0ms)[0m  [1m[34mSELECT  "shelters".* FROM "shelters" WHERE "shelters"."id" = $1 LIMIT $2[0m  [["id", 2], ["LIMIT", 1]]
  [1m[36mShelter Load (0.2ms)[0m  [1m[34mSELECT  "shelters".* FROM "shelters" WHERE "shelters"."id" = $1 LIMIT $2[0m  [["id", 3], ["LIMIT", 1]]
  Rendered pets/index.html.erb within layouts/application (6.7ms)
Completed 200 OK in 27ms (Views: 23.2ms | ActiveRecord: 0.8ms)


Started GET "/shelters/3" for ::1 at 2020-03-26 06:42:28 -0600
Processing by ShelterController#show as HTML
  Parameters: {"id"=>"3"}
  [1m[36mShelter Load (0.2ms)[0m  [1m[34mSELECT  "shelters".* FROM "shelters" WHERE "shelters"."id" = $1 LIMIT $2[0m  [["id", 3], ["LIMIT", 1]]
  Rendering shelter/show.html.erb within layouts/application
  [1m[35m (0.6ms)[0m  [1m[34mSELECT COUNT(*) FROM "pets" WHERE "pets"."shelter_id" = $1[0m  [["shelter_id", 3]]
  [1m[36mReview Load (0.3ms)[0m  [1m[34mSELECT "reviews".* FROM "reviews" WHERE "reviews"."shelter_id" = $1[0m  [["shelter_id", 3]]
  Rendered shelter/show.html.erb within layouts/application (10.2ms)
Completed 200 OK in 43ms (Views: 38.8ms | ActiveRecord: 1.0ms)


Started GET "/shelters/3" for ::1 at 2020-03-26 06:45:23 -0600
  [1m[35m (0.6ms)[0m  [1m[34mSELECT "schema_migrations"."version" FROM "schema_migrations" ORDER BY "schema_migrations"."version" ASC[0m
Processing by ShelterController#show as HTML
  Parameters: {"id"=>"3"}
  [1m[36mShelter Load (0.3ms)[0m  [1m[34mSELECT  "shelters".* FROM "shelters" WHERE "shelters"."id" = $1 LIMIT $2[0m  [["id", 3], ["LIMIT", 1]]
  Rendering shelter/show.html.erb within layouts/application
  [1m[35m (0.5ms)[0m  [1m[34mSELECT COUNT(*) FROM "pets" WHERE "pets"."shelter_id" = $1[0m  [["shelter_id", 3]]
  [1m[36mReview Load (0.5ms)[0m  [1m[34mSELECT "reviews".* FROM "reviews" WHERE "reviews"."shelter_id" = $1[0m  [["shelter_id", 3]]
  Rendered shelter/show.html.erb within layouts/application (19.4ms)
Completed 200 OK in 155ms (Views: 133.9ms | ActiveRecord: 7.3ms)


Started GET "/shelters/3/pets" for ::1 at 2020-03-26 06:45:25 -0600
Processing by ShelterPetsController#index as HTML
  Parameters: {"shelter_id"=>"3"}
  [1m[36mShelter Load (0.6ms)[0m  [1m[34mSELECT  "shelters".* FROM "shelters" WHERE "shelters"."id" = $1 LIMIT $2[0m  [["id", 3], ["LIMIT", 1]]
  Rendering shelter_pets/index.html.erb within layouts/application
  [1m[36mPet Load (0.3ms)[0m  [1m[34mSELECT "pets".* FROM "pets" WHERE "pets"."shelter_id" = $1[0m  [["shelter_id", 3]]
  Rendered shelter_pets/index.html.erb within layouts/application (14.6ms)
Completed 200 OK in 39ms (Views: 21.3ms | ActiveRecord: 9.9ms)


Started GET "/pets" for ::1 at 2020-03-26 06:45:30 -0600
Processing by PetsController#index as HTML
  Rendering pets/index.html.erb within layouts/application
  [1m[36mPet Load (0.2ms)[0m  [1m[34mSELECT "pets".* FROM "pets"[0m
  [1m[36mShelter Load (0.2ms)[0m  [1m[34mSELECT  "shelters".* FROM "shelters" WHERE "shelters"."id" = $1 LIMIT $2[0m  [["id", 2], ["LIMIT", 1]]
  [1m[36mCACHE Shelter Load (0.0ms)[0m  [1m[34mSELECT  "shelters".* FROM "shelters" WHERE "shelters"."id" = $1 LIMIT $2[0m  [["id", 2], ["LIMIT", 1]]
  [1m[36mShelter Load (0.3ms)[0m  [1m[34mSELECT  "shelters".* FROM "shelters" WHERE "shelters"."id" = $1 LIMIT $2[0m  [["id", 3], ["LIMIT", 1]]
  Rendered pets/index.html.erb within layouts/application (5.9ms)
Completed 200 OK in 21ms (Views: 17.5ms | ActiveRecord: 0.7ms)


Started GET "/shelters/2" for ::1 at 2020-03-26 06:45:34 -0600
Processing by ShelterController#show as HTML
  Parameters: {"id"=>"2"}
  [1m[36mShelter Load (0.5ms)[0m  [1m[34mSELECT  "shelters".* FROM "shelters" WHERE "shelters"."id" = $1 LIMIT $2[0m  [["id", 2], ["LIMIT", 1]]
  Rendering shelter/show.html.erb within layouts/application
  [1m[35m (0.4ms)[0m  [1m[34mSELECT COUNT(*) FROM "pets" WHERE "pets"."shelter_id" = $1[0m  [["shelter_id", 2]]
  [1m[36mReview Load (0.5ms)[0m  [1m[34mSELECT "reviews".* FROM "reviews" WHERE "reviews"."shelter_id" = $1[0m  [["shelter_id", 2]]
  Rendered shelter/show.html.erb within layouts/application (11.4ms)
Completed 200 OK in 30ms (Views: 23.8ms | ActiveRecord: 2.6ms)


Started GET "/shelters/alt=" for ::1 at 2020-03-26 06:45:34 -0600
Processing by ShelterController#show as HTML
  Parameters: {"id"=>"alt="}
  [1m[36mShelter Load (0.7ms)[0m  [1m[34mSELECT  "shelters".* FROM "shelters" WHERE "shelters"."id" = $1 LIMIT $2[0m  [["id", 0], ["LIMIT", 1]]
Completed 404 Not Found in 2ms (ActiveRecord: 0.7ms)


  
ActiveRecord::RecordNotFound (Couldn't find Shelter with 'id'=alt=):
  
app/controllers/shelter_controller.rb:8:in `show'
Started GET "/shelters/2/pets" for ::1 at 2020-03-26 06:45:44 -0600
Processing by ShelterPetsController#index as HTML
  Parameters: {"shelter_id"=>"2"}
  [1m[36mShelter Load (0.6ms)[0m  [1m[34mSELECT  "shelters".* FROM "shelters" WHERE "shelters"."id" = $1 LIMIT $2[0m  [["id", 2], ["LIMIT", 1]]
  Rendering shelter_pets/index.html.erb within layouts/application
  [1m[36mPet Load (0.4ms)[0m  [1m[34mSELECT "pets".* FROM "pets" WHERE "pets"."shelter_id" = $1[0m  [["shelter_id", 2]]
  Rendered shelter_pets/index.html.erb within layouts/application (2.6ms)
Completed 200 OK in 21ms (Views: 16.1ms | ActiveRecord: 1.0ms)


Started GET "/pets" for ::1 at 2020-03-26 06:45:58 -0600
Processing by PetsController#index as HTML
  Rendering pets/index.html.erb within layouts/application
  [1m[36mPet Load (0.2ms)[0m  [1m[34mSELECT "pets".* FROM "pets"[0m
  [1m[36mShelter Load (0.2ms)[0m  [1m[34mSELECT  "shelters".* FROM "shelters" WHERE "shelters"."id" = $1 LIMIT $2[0m  [["id", 2], ["LIMIT", 1]]
  [1m[36mCACHE Shelter Load (0.0ms)[0m  [1m[34mSELECT  "shelters".* FROM "shelters" WHERE "shelters"."id" = $1 LIMIT $2[0m  [["id", 2], ["LIMIT", 1]]
  [1m[36mShelter Load (0.2ms)[0m  [1m[34mSELECT  "shelters".* FROM "shelters" WHERE "shelters"."id" = $1 LIMIT $2[0m  [["id", 3], ["LIMIT", 1]]
  Rendered pets/index.html.erb within layouts/application (5.2ms)
Completed 200 OK in 23ms (Views: 19.4ms | ActiveRecord: 0.7ms)


Started GET "/pets/2" for ::1 at 2020-03-26 06:46:05 -0600
Processing by PetsController#show as HTML
  Parameters: {"pet_id"=>"2"}
  [1m[36mPet Load (0.3ms)[0m  [1m[34mSELECT  "pets".* FROM "pets" WHERE "pets"."id" = $1 LIMIT $2[0m  [["id", 2], ["LIMIT", 1]]
  Rendering pets/show.html.erb within layouts/application
  [1m[36mShelter Load (0.3ms)[0m  [1m[34mSELECT  "shelters".* FROM "shelters" WHERE "shelters"."id" = $1 LIMIT $2[0m  [["id", 2], ["LIMIT", 1]]
  Rendered pets/show.html.erb within layouts/application (1.9ms)
Completed 200 OK in 20ms (Views: 14.8ms | ActiveRecord: 0.6ms)


Started GET "/pets" for ::1 at 2020-03-26 06:48:00 -0600
  [1m[35m (0.4ms)[0m  [1m[34mSELECT "schema_migrations"."version" FROM "schema_migrations" ORDER BY "schema_migrations"."version" ASC[0m
Processing by PetsController#index as HTML
  Rendering pets/index.html.erb within layouts/application
  [1m[36mPet Load (0.6ms)[0m  [1m[34mSELECT "pets".* FROM "pets"[0m
  [1m[36mShelter Load (0.3ms)[0m  [1m[34mSELECT  "shelters".* FROM "shelters" WHERE "shelters"."id" = $1 LIMIT $2[0m  [["id", 2], ["LIMIT", 1]]
  [1m[36mShelter Load (0.2ms)[0m  [1m[34mSELECT  "shelters".* FROM "shelters" WHERE "shelters"."id" = $1 LIMIT $2[0m  [["id", 2], ["LIMIT", 1]]
  [1m[36mShelter Load (0.2ms)[0m  [1m[34mSELECT  "shelters".* FROM "shelters" WHERE "shelters"."id" = $1 LIMIT $2[0m  [["id", 3], ["LIMIT", 1]]
  Rendered pets/index.html.erb within layouts/application (34.4ms)
Completed 200 OK in 162ms (Views: 150.4ms | ActiveRecord: 6.3ms)


Started GET "/pets/1" for ::1 at 2020-03-26 06:48:36 -0600
Processing by PetsController#show as HTML
  Parameters: {"pet_id"=>"1"}
  [1m[36mPet Load (0.4ms)[0m  [1m[34mSELECT  "pets".* FROM "pets" WHERE "pets"."id" = $1 LIMIT $2[0m  [["id", 1], ["LIMIT", 1]]
  Rendering pets/show.html.erb within layouts/application
  [1m[36mShelter Load (0.4ms)[0m  [1m[34mSELECT  "shelters".* FROM "shelters" WHERE "shelters"."id" = $1 LIMIT $2[0m  [["id", 2], ["LIMIT", 1]]
  Rendered pets/show.html.erb within layouts/application (2.3ms)
Completed 200 OK in 31ms (Views: 13.1ms | ActiveRecord: 6.1ms)


Started GET "/pets/" for ::1 at 2020-03-26 06:58:22 -0600
  [1m[35m (0.4ms)[0m  [1m[34mSELECT "schema_migrations"."version" FROM "schema_migrations" ORDER BY "schema_migrations"."version" ASC[0m
Processing by PetsController#index as HTML
  Rendering pets/index.html.erb within layouts/application
  [1m[36mPet Load (0.5ms)[0m  [1m[34mSELECT "pets".* FROM "pets"[0m
  [1m[36mShelter Load (0.3ms)[0m  [1m[34mSELECT  "shelters".* FROM "shelters" WHERE "shelters"."id" = $1 LIMIT $2[0m  [["id", 2], ["LIMIT", 1]]
  [1m[36mShelter Load (0.2ms)[0m  [1m[34mSELECT  "shelters".* FROM "shelters" WHERE "shelters"."id" = $1 LIMIT $2[0m  [["id", 2], ["LIMIT", 1]]
  [1m[36mShelter Load (0.2ms)[0m  [1m[34mSELECT  "shelters".* FROM "shelters" WHERE "shelters"."id" = $1 LIMIT $2[0m  [["id", 3], ["LIMIT", 1]]
  Rendered pets/index.html.erb within layouts/application (37.9ms)
Completed 200 OK in 177ms (Views: 162.9ms | ActiveRecord: 7.2ms)


Started GET "/pets/3" for ::1 at 2020-03-26 06:58:30 -0600
Processing by PetsController#show as HTML
  Parameters: {"pet_id"=>"3"}
  [1m[36mPet Load (0.5ms)[0m  [1m[34mSELECT  "pets".* FROM "pets" WHERE "pets"."id" = $1 LIMIT $2[0m  [["id", 3], ["LIMIT", 1]]
  Rendering pets/show.html.erb within layouts/application
  [1m[36mShelter Load (0.3ms)[0m  [1m[34mSELECT  "shelters".* FROM "shelters" WHERE "shelters"."id" = $1 LIMIT $2[0m  [["id", 3], ["LIMIT", 1]]
  Rendered pets/show.html.erb within layouts/application (2.0ms)
Completed 200 OK in 31ms (Views: 13.1ms | ActiveRecord: 6.5ms)


Started GET "/pets/3" for ::1 at 2020-03-26 06:58:56 -0600
Processing by PetsController#show as HTML
  Parameters: {"pet_id"=>"3"}
  [1m[36mPet Load (0.5ms)[0m  [1m[34mSELECT  "pets".* FROM "pets" WHERE "pets"."id" = $1 LIMIT $2[0m  [["id", 3], ["LIMIT", 1]]
  Rendering pets/show.html.erb within layouts/application
  [1m[36mShelter Load (0.4ms)[0m  [1m[34mSELECT  "shelters".* FROM "shelters" WHERE "shelters"."id" = $1 LIMIT $2[0m  [["id", 3], ["LIMIT", 1]]
  Rendered pets/show.html.erb within layouts/application (2.1ms)
Completed 200 OK in 19ms (Views: 15.0ms | ActiveRecord: 0.9ms)


Started GET "/pets/3" for ::1 at 2020-03-26 06:59:02 -0600
Processing by PetsController#show as HTML
  Parameters: {"pet_id"=>"3"}
  [1m[36mPet Load (0.4ms)[0m  [1m[34mSELECT  "pets".* FROM "pets" WHERE "pets"."id" = $1 LIMIT $2[0m  [["id", 3], ["LIMIT", 1]]
  Rendering pets/show.html.erb within layouts/application
  [1m[36mShelter Load (0.3ms)[0m  [1m[34mSELECT  "shelters".* FROM "shelters" WHERE "shelters"."id" = $1 LIMIT $2[0m  [["id", 3], ["LIMIT", 1]]
  Rendered pets/show.html.erb within layouts/application (2.1ms)
Completed 200 OK in 19ms (Views: 14.3ms | ActiveRecord: 0.7ms)


  [1m[35m (0.4ms)[0m  [1m[34mSELECT "schema_migrations"."version" FROM "schema_migrations" ORDER BY "schema_migrations"."version" ASC[0m
  [1m[36mShelter Load (0.4ms)[0m  [1m[34mSELECT "shelters".* FROM "shelters"[0m
  [1m[35m (0.1ms)[0m  [1m[35mBEGIN[0m
  [1m[36mPet Load (0.4ms)[0m  [1m[34mSELECT "pets".* FROM "pets" WHERE "pets"."shelter_id" = $1[0m  [["shelter_id", 2]]
  [1m[35mSQL (0.3ms)[0m  [1m[31mDELETE FROM "pets" WHERE "pets"."id" = $1[0m  [["id", 1]]
  [1m[35mSQL (0.2ms)[0m  [1m[31mDELETE FROM "pets" WHERE "pets"."id" = $1[0m  [["id", 2]]
  [1m[36mReview Load (0.3ms)[0m  [1m[34mSELECT "reviews".* FROM "reviews" WHERE "reviews"."shelter_id" = $1[0m  [["shelter_id", 2]]
  [1m[35mSQL (0.2ms)[0m  [1m[31mDELETE FROM "reviews" WHERE "reviews"."id" = $1[0m  [["id", 2]]
  [1m[35mSQL (0.2ms)[0m  [1m[31mDELETE FROM "reviews" WHERE "reviews"."id" = $1[0m  [["id", 3]]
  [1m[35mSQL (0.5ms)[0m  [1m[31mDELETE FROM "shelters" WHERE "shelters"."id" = $1[0m  [["id", 2]]
  [1m[35m (0.5ms)[0m  [1m[35mCOMMIT[0m
  [1m[35m (0.1ms)[0m  [1m[35mBEGIN[0m
  [1m[36mPet Load (0.2ms)[0m  [1m[34mSELECT "pets".* FROM "pets" WHERE "pets"."shelter_id" = $1[0m  [["shelter_id", 3]]
  [1m[35mSQL (0.2ms)[0m  [1m[31mDELETE FROM "pets" WHERE "pets"."id" = $1[0m  [["id", 3]]
  [1m[36mReview Load (0.1ms)[0m  [1m[34mSELECT "reviews".* FROM "reviews" WHERE "reviews"."shelter_id" = $1[0m  [["shelter_id", 3]]
  [1m[35mSQL (0.3ms)[0m  [1m[31mDELETE FROM "shelters" WHERE "shelters"."id" = $1[0m  [["id", 3]]
  [1m[35m (0.4ms)[0m  [1m[35mCOMMIT[0m
  [1m[36mPet Load (0.2ms)[0m  [1m[34mSELECT "pets".* FROM "pets"[0m
  [1m[36mReview Load (0.2ms)[0m  [1m[34mSELECT "reviews".* FROM "reviews"[0m
  [1m[35m (0.1ms)[0m  [1m[35mBEGIN[0m
  [1m[35mSQL (0.3ms)[0m  [1m[32mINSERT INTO "shelters" ("name", "address", "city", "state", "zip", "created_at", "updated_at") VALUES ($1, $2, $3, $4, $5, $6, $7) RETURNING "id"[0m  [["name", "Burt's Barn"], ["address", "123 Sesame Street"], ["city", "New York"], ["state", "NY"], ["zip", "12345"], ["created_at", "2020-03-26 12:59:18.306779"], ["updated_at", "2020-03-26 12:59:18.306779"]]
  [1m[35m (0.3ms)[0m  [1m[35mCOMMIT[0m
  [1m[35m (0.1ms)[0m  [1m[35mBEGIN[0m
  [1m[35mSQL (0.2ms)[0m  [1m[32mINSERT INTO "shelters" ("name", "address", "city", "state", "zip", "created_at", "updated_at") VALUES ($1, $2, $3, $4, $5, $6, $7) RETURNING "id"[0m  [["name", "Ernie's Everhome"], ["address", "505 Elmwood Drive"], ["city", "Chelsea"], ["state", "MA"], ["zip", "02468"], ["created_at", "2020-03-26 12:59:18.308439"], ["updated_at", "2020-03-26 12:59:18.308439"]]
  [1m[35m (0.3ms)[0m  [1m[35mCOMMIT[0m
  [1m[35m (0.1ms)[0m  [1m[35mBEGIN[0m
  [1m[35mSQL (0.4ms)[0m  [1m[32mINSERT INTO "pets" ("image", "name", "approx_age", "sex", "created_at", "updated_at", "shelter_id", "description") VALUES ($1, $2, $3, $4, $5, $6, $7, $8) RETURNING "id"[0m  [["image", "https://assets.change.org/photos/3/yk/di/kLYkdIaPKknZpoD-800x450-noPad.jpg?1519383791"], ["name", "Penelope"], ["approx_age", "1"], ["sex", "female"], ["created_at", "2020-03-26 12:59:18.310255"], ["updated_at", "2020-03-26 12:59:18.310255"], ["shelter_id", 4], ["description", "A face only everyone could love!"]]
  [1m[35m (0.3ms)[0m  [1m[35mCOMMIT[0m
  [1m[35m (0.1ms)[0m  [1m[35mBEGIN[0m
  [1m[35mSQL (0.3ms)[0m  [1m[32mINSERT INTO "pets" ("image", "name", "approx_age", "sex", "created_at", "updated_at", "shelter_id", "description") VALUES ($1, $2, $3, $4, $5, $6, $7, $8) RETURNING "id"[0m  [["image", "https://external-preview.redd.it/P4X2K5llPbMkRkmFkycSPdDGAp051xJl0UF50bZRId4.jpg?auto=webp&s=5231b2f36d623b3258d36adbfbaf9be305f0d419"], ["name", "Petey"], ["approx_age", "1"], ["sex", "male"], ["created_at", "2020-03-26 12:59:18.312061"], ["updated_at", "2020-03-26 12:59:18.312061"], ["shelter_id", 4], ["description", "Rubber baby bacon booties!"]]
  [1m[35m (0.3ms)[0m  [1m[35mCOMMIT[0m
  [1m[35m (0.1ms)[0m  [1m[35mBEGIN[0m
  [1m[35mSQL (0.2ms)[0m  [1m[32mINSERT INTO "pets" ("image", "name", "approx_age", "sex", "created_at", "updated_at", "shelter_id", "description", "status") VALUES ($1, $2, $3, $4, $5, $6, $7, $8, $9) RETURNING "id"[0m  [["image", "https://www.thesun.co.uk/wp-content/uploads/2019/10/NINTCHDBPICT000528091420.jpg?strip=all&w=960"], ["name", "Francisco"], ["approx_age", "3"], ["sex", "male"], ["created_at", "2020-03-26 12:59:18.313803"], ["updated_at", "2020-03-26 12:59:18.313803"], ["shelter_id", 5], ["description", "What, behind the rabbit!?"], ["status", "Pending"]]
  [1m[35m (0.3ms)[0m  [1m[35mCOMMIT[0m
  [1m[35m (0.1ms)[0m  [1m[35mBEGIN[0m
  [1m[35mSQL (0.3ms)[0m  [1m[32mINSERT INTO "reviews" ("title", "rating", "content", "picture", "created_at", "updated_at", "shelter_id") VALUES ($1, $2, $3, $4, $5, $6, $7) RETURNING "id"[0m  [["title", "Best Shelter"], ["rating", 5], ["content", "These guys really know how to run a shelter!"], ["picture", "https://www.rd.com/wp-content/uploads/2019/10/puppies-1-760x506.jpg"], ["created_at", "2020-03-26 12:59:18.315590"], ["updated_at", "2020-03-26 12:59:18.315590"], ["shelter_id", 4]]
  [1m[35m (0.2ms)[0m  [1m[35mCOMMIT[0m
  [1m[35m (0.1ms)[0m  [1m[35mBEGIN[0m
  [1m[35mSQL (0.2ms)[0m  [1m[32mINSERT INTO "reviews" ("title", "rating", "content", "created_at", "updated_at", "shelter_id") VALUES ($1, $2, $3, $4, $5, $6) RETURNING "id"[0m  [["title", "Pretty Good"], ["rating", 4], ["content", "Great selection of pigs : )"], ["created_at", "2020-03-26 12:59:18.317144"], ["updated_at", "2020-03-26 12:59:18.317144"], ["shelter_id", 4]]
  [1m[35m (0.3ms)[0m  [1m[35mCOMMIT[0m
Started GET "/pets/3" for ::1 at 2020-03-26 06:59:27 -0600
  [1m[35m (0.4ms)[0m  [1m[34mSELECT "schema_migrations"."version" FROM "schema_migrations" ORDER BY "schema_migrations"."version" ASC[0m
Processing by PetsController#show as HTML
  Parameters: {"pet_id"=>"3"}
  [1m[36mPet Load (0.4ms)[0m  [1m[34mSELECT  "pets".* FROM "pets" WHERE "pets"."id" = $1 LIMIT $2[0m  [["id", 3], ["LIMIT", 1]]
Completed 404 Not Found in 11ms (ActiveRecord: 3.8ms)


  
ActiveRecord::RecordNotFound (Couldn't find Pet with 'id'=3):
  
app/controllers/pets_controller.rb:8:in `show'
Started GET "/pets/3" for ::1 at 2020-03-26 06:59:35 -0600
Processing by PetsController#show as HTML
  Parameters: {"pet_id"=>"3"}
  [1m[36mPet Load (0.6ms)[0m  [1m[34mSELECT  "pets".* FROM "pets" WHERE "pets"."id" = $1 LIMIT $2[0m  [["id", 3], ["LIMIT", 1]]
Completed 404 Not Found in 14ms (ActiveRecord: 5.6ms)


  
ActiveRecord::RecordNotFound (Couldn't find Pet with 'id'=3):
  
app/controllers/pets_controller.rb:8:in `show'
Started GET "/pets" for ::1 at 2020-03-26 06:59:44 -0600
Processing by PetsController#index as HTML
  Rendering pets/index.html.erb within layouts/application
  [1m[36mPet Load (0.3ms)[0m  [1m[34mSELECT "pets".* FROM "pets"[0m
  [1m[36mShelter Load (0.2ms)[0m  [1m[34mSELECT  "shelters".* FROM "shelters" WHERE "shelters"."id" = $1 LIMIT $2[0m  [["id", 4], ["LIMIT", 1]]
  [1m[36mCACHE Shelter Load (0.0ms)[0m  [1m[34mSELECT  "shelters".* FROM "shelters" WHERE "shelters"."id" = $1 LIMIT $2[0m  [["id", 4], ["LIMIT", 1]]
  [1m[36mShelter Load (0.2ms)[0m  [1m[34mSELECT  "shelters".* FROM "shelters" WHERE "shelters"."id" = $1 LIMIT $2[0m  [["id", 5], ["LIMIT", 1]]
  Rendered pets/index.html.erb within layouts/application (34.9ms)
Completed 200 OK in 206ms (Views: 197.1ms | ActiveRecord: 6.1ms)


Started GET "/pets/6" for ::1 at 2020-03-26 06:59:51 -0600
Processing by PetsController#show as HTML
  Parameters: {"pet_id"=>"6"}
  [1m[36mPet Load (0.4ms)[0m  [1m[34mSELECT  "pets".* FROM "pets" WHERE "pets"."id" = $1 LIMIT $2[0m  [["id", 6], ["LIMIT", 1]]
  Rendering pets/show.html.erb within layouts/application
  [1m[36mShelter Load (0.3ms)[0m  [1m[34mSELECT  "shelters".* FROM "shelters" WHERE "shelters"."id" = $1 LIMIT $2[0m  [["id", 5], ["LIMIT", 1]]
  Rendered pets/show.html.erb within layouts/application (2.8ms)
Completed 200 OK in 20ms (Views: 15.4ms | ActiveRecord: 0.8ms)


Started GET "/pets/6" for ::1 at 2020-03-26 07:00:00 -0600
Processing by PetsController#show as HTML
  Parameters: {"pet_id"=>"6"}
  [1m[36mPet Load (0.5ms)[0m  [1m[34mSELECT  "pets".* FROM "pets" WHERE "pets"."id" = $1 LIMIT $2[0m  [["id", 6], ["LIMIT", 1]]
  Rendering pets/show.html.erb within layouts/application
  [1m[36mShelter Load (0.3ms)[0m  [1m[34mSELECT  "shelters".* FROM "shelters" WHERE "shelters"."id" = $1 LIMIT $2[0m  [["id", 5], ["LIMIT", 1]]
  Rendered pets/show.html.erb within layouts/application (1.9ms)
Completed 200 OK in 19ms (Views: 14.6ms | ActiveRecord: 0.8ms)


Started GET "/shelters" for ::1 at 2020-03-26 07:00:03 -0600
Processing by ShelterController#index as HTML
  Rendering shelter/index.html.erb within layouts/application
  [1m[36mShelter Load (0.2ms)[0m  [1m[34mSELECT "shelters".* FROM "shelters"[0m
  Rendered shelter/index.html.erb within layouts/application (1.7ms)
Completed 200 OK in 17ms (Views: 14.0ms | ActiveRecord: 0.2ms)


Started GET "/shelters/5" for ::1 at 2020-03-26 07:00:05 -0600
Processing by ShelterController#show as HTML
  Parameters: {"id"=>"5"}
  [1m[36mShelter Load (0.5ms)[0m  [1m[34mSELECT  "shelters".* FROM "shelters" WHERE "shelters"."id" = $1 LIMIT $2[0m  [["id", 5], ["LIMIT", 1]]
  Rendering shelter/show.html.erb within layouts/application
  [1m[35m (0.4ms)[0m  [1m[34mSELECT COUNT(*) FROM "pets" WHERE "pets"."shelter_id" = $1[0m  [["shelter_id", 5]]
  [1m[36mReview Load (0.4ms)[0m  [1m[34mSELECT "reviews".* FROM "reviews" WHERE "reviews"."shelter_id" = $1[0m  [["shelter_id", 5]]
  Rendered shelter/show.html.erb within layouts/application (13.0ms)
Completed 200 OK in 30ms (Views: 22.8ms | ActiveRecord: 2.3ms)


Started GET "/shelters/5/pets" for ::1 at 2020-03-26 07:00:07 -0600
Processing by ShelterPetsController#index as HTML
  Parameters: {"shelter_id"=>"5"}
  [1m[36mShelter Load (0.3ms)[0m  [1m[34mSELECT  "shelters".* FROM "shelters" WHERE "shelters"."id" = $1 LIMIT $2[0m  [["id", 5], ["LIMIT", 1]]
  Rendering shelter_pets/index.html.erb within layouts/application
  [1m[36mPet Load (0.2ms)[0m  [1m[34mSELECT "pets".* FROM "pets" WHERE "pets"."shelter_id" = $1[0m  [["shelter_id", 5]]
  Rendered shelter_pets/index.html.erb within layouts/application (2.4ms)
Completed 200 OK in 18ms (Views: 14.1ms | ActiveRecord: 0.5ms)


Started GET "/pets/6" for ::1 at 2020-03-26 07:00:10 -0600
Processing by PetsController#show as HTML
  Parameters: {"pet_id"=>"6"}
  [1m[36mPet Load (0.5ms)[0m  [1m[34mSELECT  "pets".* FROM "pets" WHERE "pets"."id" = $1 LIMIT $2[0m  [["id", 6], ["LIMIT", 1]]
  Rendering pets/show.html.erb within layouts/application
  [1m[36mShelter Load (0.3ms)[0m  [1m[34mSELECT  "shelters".* FROM "shelters" WHERE "shelters"."id" = $1 LIMIT $2[0m  [["id", 5], ["LIMIT", 1]]
  Rendered pets/show.html.erb within layouts/application (2.0ms)
Completed 200 OK in 20ms (Views: 14.7ms | ActiveRecord: 0.8ms)


Started GET "/pets" for ::1 at 2020-03-26 07:00:51 -0600
  [1m[35m (0.4ms)[0m  [1m[34mSELECT "schema_migrations"."version" FROM "schema_migrations" ORDER BY "schema_migrations"."version" ASC[0m
Processing by PetsController#index as HTML
  Rendering pets/index.html.erb within layouts/application
  [1m[36mPet Load (0.9ms)[0m  [1m[34mSELECT "pets".* FROM "pets"[0m
  [1m[36mShelter Load (0.3ms)[0m  [1m[34mSELECT  "shelters".* FROM "shelters" WHERE "shelters"."id" = $1 LIMIT $2[0m  [["id", 4], ["LIMIT", 1]]
  [1m[36mShelter Load (0.3ms)[0m  [1m[34mSELECT  "shelters".* FROM "shelters" WHERE "shelters"."id" = $1 LIMIT $2[0m  [["id", 4], ["LIMIT", 1]]
  [1m[36mShelter Load (0.2ms)[0m  [1m[34mSELECT  "shelters".* FROM "shelters" WHERE "shelters"."id" = $1 LIMIT $2[0m  [["id", 5], ["LIMIT", 1]]
  Rendered pets/index.html.erb within layouts/application (35.9ms)
Completed 200 OK in 158ms (Views: 146.7ms | ActiveRecord: 6.8ms)


Started GET "/pets/4" for ::1 at 2020-03-26 07:00:55 -0600
Processing by PetsController#show as HTML
  Parameters: {"pet_id"=>"4"}
  [1m[36mPet Load (0.4ms)[0m  [1m[34mSELECT  "pets".* FROM "pets" WHERE "pets"."id" = $1 LIMIT $2[0m  [["id", 4], ["LIMIT", 1]]
  Rendering pets/show.html.erb within layouts/application
  [1m[36mShelter Load (0.4ms)[0m  [1m[34mSELECT  "shelters".* FROM "shelters" WHERE "shelters"."id" = $1 LIMIT $2[0m  [["id", 4], ["LIMIT", 1]]
  Rendered pets/show.html.erb within layouts/application (2.5ms)
Completed 200 OK in 30ms (Views: 13.3ms | ActiveRecord: 6.8ms)


Started GET "/shelters/4" for ::1 at 2020-03-26 07:02:30 -0600
  [1m[35m (0.5ms)[0m  [1m[34mSELECT "schema_migrations"."version" FROM "schema_migrations" ORDER BY "schema_migrations"."version" ASC[0m
Processing by ShelterController#show as HTML
  Parameters: {"id"=>"4"}
  [1m[36mShelter Load (0.3ms)[0m  [1m[34mSELECT  "shelters".* FROM "shelters" WHERE "shelters"."id" = $1 LIMIT $2[0m  [["id", 4], ["LIMIT", 1]]
  Rendering shelter/show.html.erb within layouts/application
  [1m[35m (0.6ms)[0m  [1m[34mSELECT COUNT(*) FROM "pets" WHERE "pets"."shelter_id" = $1[0m  [["shelter_id", 4]]
  [1m[36mReview Load (0.3ms)[0m  [1m[34mSELECT "reviews".* FROM "reviews" WHERE "reviews"."shelter_id" = $1[0m  [["shelter_id", 4]]
  Rendered shelter/show.html.erb within layouts/application (31.6ms)
Completed 200 OK in 166ms (Views: 143.6ms | ActiveRecord: 8.4ms)


Started GET "/shelters/alt=" for ::1 at 2020-03-26 07:02:30 -0600
Processing by ShelterController#show as HTML
  Parameters: {"id"=>"alt="}
  [1m[36mShelter Load (0.4ms)[0m  [1m[34mSELECT  "shelters".* FROM "shelters" WHERE "shelters"."id" = $1 LIMIT $2[0m  [["id", 0], ["LIMIT", 1]]
Completed 404 Not Found in 1ms (ActiveRecord: 0.4ms)


  
ActiveRecord::RecordNotFound (Couldn't find Shelter with 'id'=alt=):
  
app/controllers/shelter_controller.rb:8:in `show'
Started GET "/shelters" for ::1 at 2020-03-26 11:38:55 -0600
  [1m[35m (1.0ms)[0m  [1m[34mSELECT "schema_migrations"."version" FROM "schema_migrations" ORDER BY "schema_migrations"."version" ASC[0m
Processing by ShelterController#index as HTML
  Rendering shelter/index.html.erb within layouts/application
  [1m[36mShelter Load (0.7ms)[0m  [1m[34mSELECT "shelters".* FROM "shelters"[0m
  Rendered shelter/index.html.erb within layouts/application (13.5ms)
Completed 200 OK in 164ms (Views: 150.8ms | ActiveRecord: 5.1ms)


Started GET "/" for ::1 at 2020-03-26 11:38:57 -0600
Processing by WelcomeController#index as HTML
  Rendering welcome/index.html.erb within layouts/application
  Rendered welcome/index.html.erb within layouts/application (0.5ms)
Completed 200 OK in 15ms (Views: 11.6ms | ActiveRecord: 0.0ms)


Started GET "/pets" for ::1 at 2020-03-26 11:39:03 -0600
Processing by PetsController#index as HTML
  Rendering pets/index.html.erb within layouts/application
  [1m[36mPet Load (1.9ms)[0m  [1m[34mSELECT "pets".* FROM "pets"[0m
  [1m[36mShelter Load (0.4ms)[0m  [1m[34mSELECT  "shelters".* FROM "shelters" WHERE "shelters"."id" = $1 LIMIT $2[0m  [["id", 4], ["LIMIT", 1]]
  [1m[36mCACHE Shelter Load (0.0ms)[0m  [1m[34mSELECT  "shelters".* FROM "shelters" WHERE "shelters"."id" = $1 LIMIT $2[0m  [["id", 4], ["LIMIT", 1]]
  [1m[36mShelter Load (0.2ms)[0m  [1m[34mSELECT  "shelters".* FROM "shelters" WHERE "shelters"."id" = $1 LIMIT $2[0m  [["id", 5], ["LIMIT", 1]]
  Rendered pets/index.html.erb within layouts/application (47.1ms)
Completed 200 OK in 67ms (Views: 47.4ms | ActiveRecord: 13.5ms)


Started GET "/pets/4" for ::1 at 2020-03-26 11:39:11 -0600
Processing by PetsController#show as HTML
  Parameters: {"pet_id"=>"4"}
  [1m[36mPet Load (0.2ms)[0m  [1m[34mSELECT  "pets".* FROM "pets" WHERE "pets"."id" = $1 LIMIT $2[0m  [["id", 4], ["LIMIT", 1]]
  Rendering pets/show.html.erb within layouts/application
  [1m[36mShelter Load (0.5ms)[0m  [1m[34mSELECT  "shelters".* FROM "shelters" WHERE "shelters"."id" = $1 LIMIT $2[0m  [["id", 4], ["LIMIT", 1]]
  Rendered pets/show.html.erb within layouts/application (3.4ms)
Completed 200 OK in 19ms (Views: 14.7ms | ActiveRecord: 0.7ms)


Started GET "/shelters/4" for ::1 at 2020-03-26 11:39:16 -0600
Processing by ShelterController#show as HTML
  Parameters: {"id"=>"4"}
  [1m[36mShelter Load (0.3ms)[0m  [1m[34mSELECT  "shelters".* FROM "shelters" WHERE "shelters"."id" = $1 LIMIT $2[0m  [["id", 4], ["LIMIT", 1]]
  Rendering shelter/show.html.erb within layouts/application
  [1m[35m (1.5ms)[0m  [1m[34mSELECT COUNT(*) FROM "pets" WHERE "pets"."shelter_id" = $1[0m  [["shelter_id", 4]]
  [1m[36mReview Load (0.5ms)[0m  [1m[34mSELECT "reviews".* FROM "reviews" WHERE "reviews"."shelter_id" = $1[0m  [["shelter_id", 4]]
  Rendered shelter/show.html.erb within layouts/application (29.0ms)
Completed 200 OK in 47ms (Views: 36.8ms | ActiveRecord: 5.5ms)


Started GET "/shelters/alt=" for ::1 at 2020-03-26 11:39:16 -0600
Processing by ShelterController#show as HTML
  Parameters: {"id"=>"alt="}
  [1m[36mShelter Load (0.3ms)[0m  [1m[34mSELECT  "shelters".* FROM "shelters" WHERE "shelters"."id" = $1 LIMIT $2[0m  [["id", 0], ["LIMIT", 1]]
Completed 404 Not Found in 3ms (ActiveRecord: 0.3ms)


  
ActiveRecord::RecordNotFound (Couldn't find Shelter with 'id'=alt=):
  
app/controllers/shelter_controller.rb:8:in `show'
Started GET "/shelters/4" for ::1 at 2020-03-26 11:41:03 -0600
Processing by ShelterController#show as HTML
  Parameters: {"id"=>"4"}
  [1m[36mShelter Load (0.3ms)[0m  [1m[34mSELECT  "shelters".* FROM "shelters" WHERE "shelters"."id" = $1 LIMIT $2[0m  [["id", 4], ["LIMIT", 1]]
  Rendering shelter/show.html.erb within layouts/application
  [1m[35m (0.3ms)[0m  [1m[34mSELECT COUNT(*) FROM "pets" WHERE "pets"."shelter_id" = $1[0m  [["shelter_id", 4]]
  [1m[36mReview Load (0.2ms)[0m  [1m[34mSELECT "reviews".* FROM "reviews" WHERE "reviews"."shelter_id" = $1[0m  [["shelter_id", 4]]
  Rendered shelter/show.html.erb within layouts/application (3.7ms)
Completed 200 OK in 21ms (Views: 16.9ms | ActiveRecord: 0.8ms)


Started GET "/shelters/alt=" for ::1 at 2020-03-26 11:41:03 -0600
Processing by ShelterController#show as HTML
  Parameters: {"id"=>"alt="}
  [1m[36mShelter Load (2.5ms)[0m  [1m[34mSELECT  "shelters".* FROM "shelters" WHERE "shelters"."id" = $1 LIMIT $2[0m  [["id", 0], ["LIMIT", 1]]
Completed 404 Not Found in 4ms (ActiveRecord: 2.5ms)


  
ActiveRecord::RecordNotFound (Couldn't find Shelter with 'id'=alt=):
  
app/controllers/shelter_controller.rb:8:in `show'
Started GET "/pets" for ::1 at 2020-03-26 11:41:19 -0600
Processing by PetsController#index as HTML
  Rendering pets/index.html.erb within layouts/application
  [1m[36mPet Load (0.2ms)[0m  [1m[34mSELECT "pets".* FROM "pets"[0m
  [1m[36mShelter Load (0.3ms)[0m  [1m[34mSELECT  "shelters".* FROM "shelters" WHERE "shelters"."id" = $1 LIMIT $2[0m  [["id", 4], ["LIMIT", 1]]
  [1m[36mCACHE Shelter Load (0.0ms)[0m  [1m[34mSELECT  "shelters".* FROM "shelters" WHERE "shelters"."id" = $1 LIMIT $2[0m  [["id", 4], ["LIMIT", 1]]
  [1m[36mShelter Load (0.2ms)[0m  [1m[34mSELECT  "shelters".* FROM "shelters" WHERE "shelters"."id" = $1 LIMIT $2[0m  [["id", 5], ["LIMIT", 1]]
  Rendered pets/index.html.erb within layouts/application (7.4ms)
Completed 200 OK in 28ms (Views: 25.5ms | ActiveRecord: 0.7ms)


Started GET "/pets/4" for ::1 at 2020-03-26 11:41:25 -0600
Processing by PetsController#show as HTML
  Parameters: {"pet_id"=>"4"}
  [1m[36mPet Load (0.4ms)[0m  [1m[34mSELECT  "pets".* FROM "pets" WHERE "pets"."id" = $1 LIMIT $2[0m  [["id", 4], ["LIMIT", 1]]
  Rendering pets/show.html.erb within layouts/application
  [1m[36mShelter Load (0.2ms)[0m  [1m[34mSELECT  "shelters".* FROM "shelters" WHERE "shelters"."id" = $1 LIMIT $2[0m  [["id", 4], ["LIMIT", 1]]
  Rendered pets/show.html.erb within layouts/application (2.2ms)
Completed 200 OK in 26ms (Views: 22.4ms | ActiveRecord: 0.7ms)


Started GET "/pets" for ::1 at 2020-03-26 11:41:29 -0600
Processing by PetsController#index as HTML
  Rendering pets/index.html.erb within layouts/application
  [1m[36mPet Load (0.2ms)[0m  [1m[34mSELECT "pets".* FROM "pets"[0m
  [1m[36mShelter Load (0.2ms)[0m  [1m[34mSELECT  "shelters".* FROM "shelters" WHERE "shelters"."id" = $1 LIMIT $2[0m  [["id", 4], ["LIMIT", 1]]
  [1m[36mCACHE Shelter Load (0.0ms)[0m  [1m[34mSELECT  "shelters".* FROM "shelters" WHERE "shelters"."id" = $1 LIMIT $2[0m  [["id", 4], ["LIMIT", 1]]
  [1m[36mShelter Load (0.2ms)[0m  [1m[34mSELECT  "shelters".* FROM "shelters" WHERE "shelters"."id" = $1 LIMIT $2[0m  [["id", 5], ["LIMIT", 1]]
  Rendered pets/index.html.erb within layouts/application (5.0ms)
Completed 200 OK in 25ms (Views: 22.0ms | ActiveRecord: 0.6ms)


Started GET "/pets/6" for ::1 at 2020-03-26 11:41:34 -0600
Processing by PetsController#show as HTML
  Parameters: {"pet_id"=>"6"}
  [1m[36mPet Load (0.3ms)[0m  [1m[34mSELECT  "pets".* FROM "pets" WHERE "pets"."id" = $1 LIMIT $2[0m  [["id", 6], ["LIMIT", 1]]
  Rendering pets/show.html.erb within layouts/application
  [1m[36mShelter Load (0.2ms)[0m  [1m[34mSELECT  "shelters".* FROM "shelters" WHERE "shelters"."id" = $1 LIMIT $2[0m  [["id", 5], ["LIMIT", 1]]
  Rendered pets/show.html.erb within layouts/application (2.2ms)
Completed 200 OK in 38ms (Views: 32.9ms | ActiveRecord: 0.5ms)


Started GET "/pets" for ::1 at 2020-03-26 11:41:43 -0600
Processing by PetsController#index as HTML
  Rendering pets/index.html.erb within layouts/application
  [1m[36mPet Load (0.3ms)[0m  [1m[34mSELECT "pets".* FROM "pets"[0m
  [1m[36mShelter Load (0.2ms)[0m  [1m[34mSELECT  "shelters".* FROM "shelters" WHERE "shelters"."id" = $1 LIMIT $2[0m  [["id", 4], ["LIMIT", 1]]
  [1m[36mCACHE Shelter Load (0.0ms)[0m  [1m[34mSELECT  "shelters".* FROM "shelters" WHERE "shelters"."id" = $1 LIMIT $2[0m  [["id", 4], ["LIMIT", 1]]
  [1m[36mShelter Load (0.2ms)[0m  [1m[34mSELECT  "shelters".* FROM "shelters" WHERE "shelters"."id" = $1 LIMIT $2[0m  [["id", 5], ["LIMIT", 1]]
  Rendered pets/index.html.erb within layouts/application (5.0ms)
Completed 200 OK in 21ms (Views: 17.9ms | ActiveRecord: 0.7ms)


Started GET "/pets" for ::1 at 2020-03-26 11:42:34 -0600
Processing by PetsController#index as HTML
  Rendering pets/index.html.erb within layouts/application
  [1m[36mPet Load (0.2ms)[0m  [1m[34mSELECT "pets".* FROM "pets"[0m
  [1m[36mShelter Load (0.1ms)[0m  [1m[34mSELECT  "shelters".* FROM "shelters" WHERE "shelters"."id" = $1 LIMIT $2[0m  [["id", 4], ["LIMIT", 1]]
  [1m[36mCACHE Shelter Load (0.0ms)[0m  [1m[34mSELECT  "shelters".* FROM "shelters" WHERE "shelters"."id" = $1 LIMIT $2[0m  [["id", 4], ["LIMIT", 1]]
  [1m[36mShelter Load (0.3ms)[0m  [1m[34mSELECT  "shelters".* FROM "shelters" WHERE "shelters"."id" = $1 LIMIT $2[0m  [["id", 5], ["LIMIT", 1]]
  Rendered pets/index.html.erb within layouts/application (6.9ms)
Completed 200 OK in 32ms (Views: 29.2ms | ActiveRecord: 0.8ms)


Started GET "/pets/5" for ::1 at 2020-03-26 11:42:48 -0600
Processing by PetsController#show as HTML
  Parameters: {"pet_id"=>"5"}
  [1m[36mPet Load (0.3ms)[0m  [1m[34mSELECT  "pets".* FROM "pets" WHERE "pets"."id" = $1 LIMIT $2[0m  [["id", 5], ["LIMIT", 1]]
  Rendering pets/show.html.erb within layouts/application
  [1m[36mShelter Load (0.2ms)[0m  [1m[34mSELECT  "shelters".* FROM "shelters" WHERE "shelters"."id" = $1 LIMIT $2[0m  [["id", 4], ["LIMIT", 1]]
  Rendered pets/show.html.erb within layouts/application (1.9ms)
Completed 200 OK in 19ms (Views: 15.4ms | ActiveRecord: 0.5ms)


Started GET "/pets/5" for ::1 at 2020-03-26 11:43:23 -0600
Processing by PetsController#show as HTML
  Parameters: {"pet_id"=>"5"}
  [1m[36mPet Load (0.3ms)[0m  [1m[34mSELECT  "pets".* FROM "pets" WHERE "pets"."id" = $1 LIMIT $2[0m  [["id", 5], ["LIMIT", 1]]
  Rendering pets/show.html.erb within layouts/application
  [1m[36mShelter Load (0.2ms)[0m  [1m[34mSELECT  "shelters".* FROM "shelters" WHERE "shelters"."id" = $1 LIMIT $2[0m  [["id", 4], ["LIMIT", 1]]
  Rendered pets/show.html.erb within layouts/application (2.4ms)
Completed 200 OK in 18ms (Views: 15.5ms | ActiveRecord: 0.4ms)


Started GET "/shelters/4" for ::1 at 2020-03-26 11:43:33 -0600
Processing by ShelterController#show as HTML
  Parameters: {"id"=>"4"}
  [1m[36mShelter Load (0.2ms)[0m  [1m[34mSELECT  "shelters".* FROM "shelters" WHERE "shelters"."id" = $1 LIMIT $2[0m  [["id", 4], ["LIMIT", 1]]
  Rendering shelter/show.html.erb within layouts/application
  [1m[35m (0.4ms)[0m  [1m[34mSELECT COUNT(*) FROM "pets" WHERE "pets"."shelter_id" = $1[0m  [["shelter_id", 4]]
  [1m[36mReview Load (0.3ms)[0m  [1m[34mSELECT "reviews".* FROM "reviews" WHERE "reviews"."shelter_id" = $1[0m  [["shelter_id", 4]]
  Rendered shelter/show.html.erb within layouts/application (4.6ms)
Completed 200 OK in 21ms (Views: 17.7ms | ActiveRecord: 0.9ms)


Started GET "/shelters/alt=" for ::1 at 2020-03-26 11:43:33 -0600
Processing by ShelterController#show as HTML
  Parameters: {"id"=>"alt="}
  [1m[36mShelter Load (0.2ms)[0m  [1m[34mSELECT  "shelters".* FROM "shelters" WHERE "shelters"."id" = $1 LIMIT $2[0m  [["id", 0], ["LIMIT", 1]]
Completed 404 Not Found in 1ms (ActiveRecord: 0.2ms)


  
ActiveRecord::RecordNotFound (Couldn't find Shelter with 'id'=alt=):
  
app/controllers/shelter_controller.rb:8:in `show'
Started GET "/shelters/4/pets" for ::1 at 2020-03-26 11:43:42 -0600
Processing by ShelterPetsController#index as HTML
  Parameters: {"shelter_id"=>"4"}
  [1m[36mShelter Load (0.3ms)[0m  [1m[34mSELECT  "shelters".* FROM "shelters" WHERE "shelters"."id" = $1 LIMIT $2[0m  [["id", 4], ["LIMIT", 1]]
  Rendering shelter_pets/index.html.erb within layouts/application
  [1m[36mPet Load (0.3ms)[0m  [1m[34mSELECT "pets".* FROM "pets" WHERE "pets"."shelter_id" = $1[0m  [["shelter_id", 4]]
  Rendered shelter_pets/index.html.erb within layouts/application (2.9ms)
Completed 200 OK in 21ms (Views: 17.0ms | ActiveRecord: 0.6ms)


Started GET "/shelters/4/pets" for ::1 at 2020-03-26 11:44:23 -0600
Processing by ShelterPetsController#index as HTML
  Parameters: {"shelter_id"=>"4"}
  [1m[36mShelter Load (0.2ms)[0m  [1m[34mSELECT  "shelters".* FROM "shelters" WHERE "shelters"."id" = $1 LIMIT $2[0m  [["id", 4], ["LIMIT", 1]]
  Rendering shelter_pets/index.html.erb within layouts/application
  [1m[36mPet Load (0.2ms)[0m  [1m[34mSELECT "pets".* FROM "pets" WHERE "pets"."shelter_id" = $1[0m  [["shelter_id", 4]]
  Rendered shelter_pets/index.html.erb within layouts/application (2.6ms)
Completed 200 OK in 27ms (Views: 23.3ms | ActiveRecord: 0.5ms)


Started GET "/shelters" for ::1 at 2020-03-26 11:44:29 -0600
Processing by ShelterController#index as HTML
  Rendering shelter/index.html.erb within layouts/application
  [1m[36mShelter Load (0.7ms)[0m  [1m[34mSELECT "shelters".* FROM "shelters"[0m
  Rendered shelter/index.html.erb within layouts/application (4.6ms)
Completed 200 OK in 20ms (Views: 17.4ms | ActiveRecord: 0.7ms)


Started GET "/shelters/4" for ::1 at 2020-03-26 11:44:33 -0600
Processing by ShelterController#show as HTML
  Parameters: {"id"=>"4"}
  [1m[36mShelter Load (0.2ms)[0m  [1m[34mSELECT  "shelters".* FROM "shelters" WHERE "shelters"."id" = $1 LIMIT $2[0m  [["id", 4], ["LIMIT", 1]]
  Rendering shelter/show.html.erb within layouts/application
  [1m[35m (0.4ms)[0m  [1m[34mSELECT COUNT(*) FROM "pets" WHERE "pets"."shelter_id" = $1[0m  [["shelter_id", 4]]
  [1m[36mReview Load (0.4ms)[0m  [1m[34mSELECT "reviews".* FROM "reviews" WHERE "reviews"."shelter_id" = $1[0m  [["shelter_id", 4]]
  Rendered shelter/show.html.erb within layouts/application (3.6ms)
Completed 200 OK in 20ms (Views: 16.3ms | ActiveRecord: 0.9ms)


Started GET "/shelters/alt=" for ::1 at 2020-03-26 11:44:33 -0600
Processing by ShelterController#show as HTML
  Parameters: {"id"=>"alt="}
  [1m[36mShelter Load (0.2ms)[0m  [1m[34mSELECT  "shelters".* FROM "shelters" WHERE "shelters"."id" = $1 LIMIT $2[0m  [["id", 0], ["LIMIT", 1]]
Completed 404 Not Found in 3ms (ActiveRecord: 0.2ms)


  
ActiveRecord::RecordNotFound (Couldn't find Shelter with 'id'=alt=):
  
app/controllers/shelter_controller.rb:8:in `show'
Started GET "/shelters" for ::1 at 2020-03-26 11:44:35 -0600
Processing by ShelterController#index as HTML
  Rendering shelter/index.html.erb within layouts/application
  [1m[36mShelter Load (0.3ms)[0m  [1m[34mSELECT "shelters".* FROM "shelters"[0m
  Rendered shelter/index.html.erb within layouts/application (2.7ms)
Completed 200 OK in 16ms (Views: 13.8ms | ActiveRecord: 0.3ms)


Started GET "/shelters/5" for ::1 at 2020-03-26 11:44:36 -0600
Processing by ShelterController#show as HTML
  Parameters: {"id"=>"5"}
  [1m[36mShelter Load (0.6ms)[0m  [1m[34mSELECT  "shelters".* FROM "shelters" WHERE "shelters"."id" = $1 LIMIT $2[0m  [["id", 5], ["LIMIT", 1]]
  Rendering shelter/show.html.erb within layouts/application
  [1m[35m (0.4ms)[0m  [1m[34mSELECT COUNT(*) FROM "pets" WHERE "pets"."shelter_id" = $1[0m  [["shelter_id", 5]]
  [1m[36mReview Load (0.6ms)[0m  [1m[34mSELECT "reviews".* FROM "reviews" WHERE "reviews"."shelter_id" = $1[0m  [["shelter_id", 5]]
  Rendered shelter/show.html.erb within layouts/application (3.9ms)
Completed 200 OK in 21ms (Views: 16.7ms | ActiveRecord: 1.6ms)


Started GET "/shelters" for ::1 at 2020-03-26 11:45:09 -0600
Processing by ShelterController#index as HTML
  Rendering shelter/index.html.erb within layouts/application
  [1m[36mShelter Load (0.2ms)[0m  [1m[34mSELECT "shelters".* FROM "shelters"[0m
  Rendered shelter/index.html.erb within layouts/application (2.2ms)
Completed 200 OK in 18ms (Views: 15.7ms | ActiveRecord: 0.2ms)


Started GET "/" for ::1 at 2020-03-26 11:45:15 -0600
Processing by WelcomeController#index as HTML
  Rendering welcome/index.html.erb within layouts/application
  Rendered welcome/index.html.erb within layouts/application (0.5ms)
Completed 200 OK in 16ms (Views: 13.8ms | ActiveRecord: 0.0ms)


Started GET "/shelters" for ::1 at 2020-03-26 11:45:19 -0600
Processing by ShelterController#index as HTML
  Rendering shelter/index.html.erb within layouts/application
  [1m[36mShelter Load (0.5ms)[0m  [1m[34mSELECT "shelters".* FROM "shelters"[0m
  Rendered shelter/index.html.erb within layouts/application (2.5ms)
Completed 200 OK in 19ms (Views: 16.9ms | ActiveRecord: 0.5ms)


Started GET "/shelters/4" for ::1 at 2020-03-26 11:45:51 -0600
Processing by ShelterController#show as HTML
  Parameters: {"id"=>"4"}
  [1m[36mShelter Load (0.2ms)[0m  [1m[34mSELECT  "shelters".* FROM "shelters" WHERE "shelters"."id" = $1 LIMIT $2[0m  [["id", 4], ["LIMIT", 1]]
  Rendering shelter/show.html.erb within layouts/application
  [1m[35m (0.5ms)[0m  [1m[34mSELECT COUNT(*) FROM "pets" WHERE "pets"."shelter_id" = $1[0m  [["shelter_id", 4]]
  [1m[36mReview Load (0.3ms)[0m  [1m[34mSELECT "reviews".* FROM "reviews" WHERE "reviews"."shelter_id" = $1[0m  [["shelter_id", 4]]
  Rendered shelter/show.html.erb within layouts/application (10.7ms)
Completed 200 OK in 29ms (Views: 23.4ms | ActiveRecord: 1.0ms)


Started GET "/shelters/alt=" for ::1 at 2020-03-26 11:45:51 -0600
Processing by ShelterController#show as HTML
  Parameters: {"id"=>"alt="}
  [1m[36mShelter Load (0.2ms)[0m  [1m[34mSELECT  "shelters".* FROM "shelters" WHERE "shelters"."id" = $1 LIMIT $2[0m  [["id", 0], ["LIMIT", 1]]
Completed 404 Not Found in 3ms (ActiveRecord: 0.2ms)


  
ActiveRecord::RecordNotFound (Couldn't find Shelter with 'id'=alt=):
  
app/controllers/shelter_controller.rb:8:in `show'
Started GET "/pets" for ::1 at 2020-03-26 11:46:11 -0600
Processing by PetsController#index as HTML
  Rendering pets/index.html.erb within layouts/application
  [1m[36mPet Load (0.2ms)[0m  [1m[34mSELECT "pets".* FROM "pets"[0m
  [1m[36mShelter Load (0.2ms)[0m  [1m[34mSELECT  "shelters".* FROM "shelters" WHERE "shelters"."id" = $1 LIMIT $2[0m  [["id", 4], ["LIMIT", 1]]
  [1m[36mCACHE Shelter Load (0.0ms)[0m  [1m[34mSELECT  "shelters".* FROM "shelters" WHERE "shelters"."id" = $1 LIMIT $2[0m  [["id", 4], ["LIMIT", 1]]
  [1m[36mShelter Load (0.2ms)[0m  [1m[34mSELECT  "shelters".* FROM "shelters" WHERE "shelters"."id" = $1 LIMIT $2[0m  [["id", 5], ["LIMIT", 1]]
  Rendered pets/index.html.erb within layouts/application (4.9ms)
Completed 200 OK in 24ms (Views: 20.4ms | ActiveRecord: 0.7ms)


Started GET "/shelters" for ::1 at 2020-03-26 11:46:17 -0600
Processing by ShelterController#index as HTML
  Rendering shelter/index.html.erb within layouts/application
  [1m[36mShelter Load (0.3ms)[0m  [1m[34mSELECT "shelters".* FROM "shelters"[0m
  Rendered shelter/index.html.erb within layouts/application (2.4ms)
Completed 200 OK in 20ms (Views: 17.1ms | ActiveRecord: 0.3ms)


Started GET "/shelters/4" for ::1 at 2020-03-26 11:46:19 -0600
Processing by ShelterController#show as HTML
  Parameters: {"id"=>"4"}
  [1m[36mShelter Load (0.2ms)[0m  [1m[34mSELECT  "shelters".* FROM "shelters" WHERE "shelters"."id" = $1 LIMIT $2[0m  [["id", 4], ["LIMIT", 1]]
  Rendering shelter/show.html.erb within layouts/application
  [1m[35m (1.7ms)[0m  [1m[34mSELECT COUNT(*) FROM "pets" WHERE "pets"."shelter_id" = $1[0m  [["shelter_id", 4]]
  [1m[36mReview Load (0.3ms)[0m  [1m[34mSELECT "reviews".* FROM "reviews" WHERE "reviews"."shelter_id" = $1[0m  [["shelter_id", 4]]
  Rendered shelter/show.html.erb within layouts/application (5.8ms)
Completed 200 OK in 23ms (Views: 17.8ms | ActiveRecord: 2.2ms)


Started GET "/shelters/alt=" for ::1 at 2020-03-26 11:46:19 -0600
Processing by ShelterController#show as HTML
  Parameters: {"id"=>"alt="}
  [1m[36mShelter Load (0.1ms)[0m  [1m[34mSELECT  "shelters".* FROM "shelters" WHERE "shelters"."id" = $1 LIMIT $2[0m  [["id", 0], ["LIMIT", 1]]
Completed 404 Not Found in 1ms (ActiveRecord: 0.1ms)


  
ActiveRecord::RecordNotFound (Couldn't find Shelter with 'id'=alt=):
  
app/controllers/shelter_controller.rb:8:in `show'
Started GET "/pets" for ::1 at 2020-03-26 12:40:46 -0600
  [1m[35m (1.0ms)[0m  [1m[34mSELECT "schema_migrations"."version" FROM "schema_migrations" ORDER BY "schema_migrations"."version" ASC[0m
Processing by PetsController#index as HTML
  Rendering pets/index.html.erb within layouts/application
  [1m[36mPet Load (0.8ms)[0m  [1m[34mSELECT "pets".* FROM "pets"[0m
  [1m[36mShelter Load (4.4ms)[0m  [1m[34mSELECT  "shelters".* FROM "shelters" WHERE "shelters"."id" = $1 LIMIT $2[0m  [["id", 4], ["LIMIT", 1]]
  [1m[36mShelter Load (0.3ms)[0m  [1m[34mSELECT  "shelters".* FROM "shelters" WHERE "shelters"."id" = $1 LIMIT $2[0m  [["id", 4], ["LIMIT", 1]]
  [1m[36mShelter Load (0.4ms)[0m  [1m[34mSELECT  "shelters".* FROM "shelters" WHERE "shelters"."id" = $1 LIMIT $2[0m  [["id", 5], ["LIMIT", 1]]
  Rendered pets/index.html.erb within layouts/application (53.0ms)
Completed 200 OK in 199ms (Views: 178.7ms | ActiveRecord: 14.4ms)


Started GET "/" for ::1 at 2020-03-26 12:40:53 -0600
Processing by WelcomeController#index as HTML
  Rendering welcome/index.html.erb within layouts/application
  Rendered welcome/index.html.erb within layouts/application (0.5ms)
Completed 200 OK in 20ms (Views: 17.4ms | ActiveRecord: 0.0ms)


Started GET "/shelters" for ::1 at 2020-03-26 12:41:01 -0600
Processing by ShelterController#index as HTML
  Rendering shelter/index.html.erb within layouts/application
  [1m[36mShelter Load (0.5ms)[0m  [1m[34mSELECT "shelters".* FROM "shelters"[0m
  Rendered shelter/index.html.erb within layouts/application (28.0ms)
Completed 200 OK in 50ms (Views: 36.9ms | ActiveRecord: 9.0ms)


